============================================================
Time  2019/09/21 16:48:23 243 
============================================================
[2019/09/21 16:48:23 243] isr        1659 isr loaded!  
[2019/09/21 16:48:23 243] isr        1642 SYS_MSG_REGCB param0 =   msp_status_cb  param1 =   func(d002d170) 
[2019/09/21 16:48:23 243] isr        1537 ASR_MSG_SSB  
[2019/09/21 16:48:23 243] isr        1066 session_begin() [in], params:   sub = iat, domain = iat, language = zh_cn, accent = mandarin, sample_rate = 16000, result_type = plain, result_encoding = utf8  nil  
[2019/09/21 16:48:23 243] isr        927  vad_set [in]  
[2019/09/21 16:48:23 243] isr        962  vad_enable :  true  
[2019/09/21 16:48:23 243] isr        980  vad_bos :  10000  
[2019/09/21 16:48:23 243] isr        981  vad_eos :  2000  
[2019/09/21 16:48:23 243] isr        886  enable_vad [in]  
[2019/09/21 16:48:23 244] isr        918  vad enabled!  2000  10000  
[2019/09/21 16:48:23 244] isr        921  enable_vad [out]  
[2019/09/21 16:48:23 244] isr        987  vad_set [out] | ret =  0  
[2019/09/21 16:48:23 244] isr        1187 cur_engine_type =   cloud  
[2019/09/21 16:48:23 244] isr        1001 cloud_session_begin  
[2019/09/21 16:48:23 244] isr        1013 standard  
[2019/09/21 16:48:23 385] isr        691  cloud_err_cb errorcode =   10407  detail =   MSS:bad response:10407  
[2019/09/21 16:48:23 386] isr        399  error occurred:   cloud  10407  
[2019/09/21 16:48:23 443] isr        1547 ASR_MSG_AUW,   cloud  
[2019/09/21 16:48:23 443] isr        1559 3200  1  
[2019/09/21 16:48:23 443] isr        1569 once_bytes:   3200  
[2019/09/21 16:48:23 445] isr        1639 ASR_MSG_SSE,   cloud  
[2019/09/21 16:48:23 445] isr        1356 session_end() [in]  
[2019/09/21 16:48:23 445] isr        1421 cloud_session_end() [in]  
[2019/09/21 16:48:23 447] isr        1488 ns_host=  dev.voicecloud.cn  
[2019/09/21 16:48:23 447] isr        1498 tick()mod=  82730807  
[2019/09/21 16:48:23 447] isr        1499 tick()=  82730807  
[2019/09/21 16:48:23 447] isr        1501 diff=  82  
[2019/09/21 16:48:23 447] isr        1514 cloud_session_end() [out]  
[2019/09/21 16:48:23 448] isr        851  [aud] speech start  
[2019/09/21 16:48:23 448] isr        798  1  msc  
[2019/09/21 16:48:23 448] isr        1667 isr unload!  
============================================================
Time  2019/09/21 17:00:46 140 
============================================================
[2019/09/21 17:00:46 140] isr        1659 isr loaded!  
[2019/09/21 17:00:46 140] isr        1642 SYS_MSG_REGCB param0 =   msp_status_cb  param1 =   func(1002d1a0) 
[2019/09/21 17:00:46 140] isr        1537 ASR_MSG_SSB  
[2019/09/21 17:00:46 140] isr        1066 session_begin() [in], params:   sub = iat, domain = iat, language = zh_cn, accent = mandarin, sample_rate = 16000, result_type = plain, result_encoding = utf8  nil  
[2019/09/21 17:00:46 141] isr        927  vad_set [in]  
[2019/09/21 17:00:46 141] isr        962  vad_enable :  true  
[2019/09/21 17:00:46 141] isr        980  vad_bos :  10000  
[2019/09/21 17:00:46 141] isr        981  vad_eos :  2000  
[2019/09/21 17:00:46 141] isr        886  enable_vad [in]  
[2019/09/21 17:00:46 142] isr        918  vad enabled!  2000  10000  
[2019/09/21 17:00:46 142] isr        921  enable_vad [out]  
[2019/09/21 17:00:46 142] isr        987  vad_set [out] | ret =  0  
[2019/09/21 17:00:46 142] isr        1187 cur_engine_type =   cloud  
[2019/09/21 17:00:46 142] isr        1001 cloud_session_begin  
[2019/09/21 17:00:46 143] isr        1013 standard  
[2019/09/21 17:00:46 146] isr        1547 ASR_MSG_AUW,   cloud  
[2019/09/21 17:00:46 146] isr        1559 6400  1  
[2019/09/21 17:00:46 147] isr        1569 once_bytes:   6400  
[2019/09/21 17:00:46 150] isr        851  [aud] speech start  
[2019/09/21 17:00:46 151] isr        798  1  msc  
[2019/09/21 17:00:46 303] isr        691  cloud_err_cb errorcode =   10407  detail =   MSS:bad response:10407  
[2019/09/21 17:00:46 303] isr        399  error occurred:   cloud  10407  
[2019/09/21 17:00:46 347] isr        1547 ASR_MSG_AUW,   cloud  
[2019/09/21 17:00:46 348] isr        1559 6400  2  
[2019/09/21 17:00:46 348] isr        1639 ASR_MSG_SSE,   cloud  
[2019/09/21 17:00:46 348] isr        1356 session_end() [in]  
[2019/09/21 17:00:46 349] isr        1421 cloud_session_end() [in]  
[2019/09/21 17:00:46 350] isr        1488 ns_host=  dev.voicecloud.cn  
[2019/09/21 17:00:46 351] isr        1498 tick()mod=  83473711  
[2019/09/21 17:00:46 351] isr        1499 tick()=  83473711  
[2019/09/21 17:00:46 351] isr        1501 diff=  58  
[2019/09/21 17:00:46 351] isr        1514 cloud_session_end() [out]  
[2019/09/21 17:00:46 351] isr        1667 isr unload!  
============================================================
Time  2019/09/21 17:04:15 755 
============================================================
[2019/09/21 17:04:15 755] isr        1659 isr loaded!  
[2019/09/21 17:04:15 755] isr        1642 SYS_MSG_REGCB param0 =   msp_status_cb  param1 =   func(5c02d210) 
[2019/09/21 17:04:15 755] isr        1537 ASR_MSG_SSB  
[2019/09/21 17:04:15 755] isr        1066 session_begin() [in], params:   sub = iat, domain = iat, language = zh_cn, accent = mandarin, sample_rate = 16000, result_type = plain, result_encoding = utf8  nil  
[2019/09/21 17:04:15 756] isr        927  vad_set [in]  
[2019/09/21 17:04:15 756] isr        962  vad_enable :  true  
[2019/09/21 17:04:15 756] isr        980  vad_bos :  10000  
[2019/09/21 17:04:15 756] isr        981  vad_eos :  2000  
[2019/09/21 17:04:15 756] isr        886  enable_vad [in]  
[2019/09/21 17:04:15 757] isr        918  vad enabled!  2000  10000  
[2019/09/21 17:04:15 757] isr        921  enable_vad [out]  
[2019/09/21 17:04:15 757] isr        987  vad_set [out] | ret =  0  
[2019/09/21 17:04:15 757] isr        1187 cur_engine_type =   cloud  
[2019/09/21 17:04:15 757] isr        1001 cloud_session_begin  
[2019/09/21 17:04:15 757] isr        1013 unknown  
[2019/09/21 17:04:15 761] isr        1547 ASR_MSG_AUW,   cloud  
[2019/09/21 17:04:15 761] isr        1559 6400  1  
[2019/09/21 17:04:15 761] isr        1569 once_bytes:   6400  
[2019/09/21 17:04:15 768] isr        851  [aud] speech start  
[2019/09/21 17:04:15 768] isr        798  1  msc  
[2019/09/21 17:04:15 962] isr        1547 ASR_MSG_AUW,   cloud  
[2019/09/21 17:04:15 962] isr        1559 6400  2  
[2019/09/21 17:04:16 011] isr        700  cloud_status_cb, eps:  1  
[2019/09/21 17:04:16 011] isr        798  1  cloud  
[2019/09/21 17:04:16 011] isr        813  cloud eps ignored  
[2019/09/21 17:04:16 162] isr        1547 ASR_MSG_AUW,   cloud  
[2019/09/21 17:04:16 162] isr        1559 6400  2  
[2019/09/21 17:04:16 363] isr        1547 ASR_MSG_AUW,   cloud  
[2019/09/21 17:04:16 363] isr        1559 6400  2  
[2019/09/21 17:04:16 563] isr        1547 ASR_MSG_AUW,   cloud  
[2019/09/21 17:04:16 563] isr        1559 6400  2  
[2019/09/21 17:04:16 764] isr        1547 ASR_MSG_AUW,   cloud  
[2019/09/21 17:04:16 764] isr        1559 6400  2  
[2019/09/21 17:04:16 964] isr        1547 ASR_MSG_AUW,   cloud  
[2019/09/21 17:04:16 964] isr        1559 6400  2  
[2019/09/21 17:04:17 165] isr        1547 ASR_MSG_AUW,   cloud  
[2019/09/21 17:04:17 165] isr        1559 6400  2  
[2019/09/21 17:04:17 365] isr        1547 ASR_MSG_AUW,   cloud  
[2019/09/21 17:04:17 365] isr        1559 6400  2  
[2019/09/21 17:04:17 566] isr        1547 ASR_MSG_AUW,   cloud  
[2019/09/21 17:04:17 566] isr        1559 6400  2  
[2019/09/21 17:04:17 766] isr        1547 ASR_MSG_AUW,   cloud  
[2019/09/21 17:04:17 766] isr        1559 6400  2  
[2019/09/21 17:04:17 967] isr        1547 ASR_MSG_AUW,   cloud  
[2019/09/21 17:04:17 967] isr        1559 6400  2  
[2019/09/21 17:04:18 167] isr        1547 ASR_MSG_AUW,   cloud  
[2019/09/21 17:04:18 167] isr        1559 6400  2  
[2019/09/21 17:04:18 368] isr        1547 ASR_MSG_AUW,   cloud  
[2019/09/21 17:04:18 368] isr        1559 6400  2  
[2019/09/21 17:04:18 568] isr        1547 ASR_MSG_AUW,   cloud  
[2019/09/21 17:04:18 568] isr        1559 6400  2  
[2019/09/21 17:04:18 769] isr        1547 ASR_MSG_AUW,   cloud  
[2019/09/21 17:04:18 769] isr        1559 6400  2  
[2019/09/21 17:04:18 969] isr        1547 ASR_MSG_AUW,   cloud  
[2019/09/21 17:04:18 969] isr        1559 6400  2  
[2019/09/21 17:04:19 170] isr        1547 ASR_MSG_AUW,   cloud  
[2019/09/21 17:04:19 170] isr        1559 6400  2  
[2019/09/21 17:04:19 370] isr        1547 ASR_MSG_AUW,   cloud  
[2019/09/21 17:04:19 371] isr        1559 6400  2  
[2019/09/21 17:04:19 571] isr        1547 ASR_MSG_AUW,   cloud  
[2019/09/21 17:04:19 571] isr        1559 6400  2  
[2019/09/21 17:04:19 772] isr        1547 ASR_MSG_AUW,   cloud  
[2019/09/21 17:04:19 772] isr        1559 6400  2  
[2019/09/21 17:04:19 972] isr        1547 ASR_MSG_AUW,   cloud  
[2019/09/21 17:04:19 972] isr        1559 6400  2  
[2019/09/21 17:04:20 037] isr        662  cloud_rslt_cb status =   0  
[2019/09/21 17:04:20 037] isr        641  process_result call:  cloud  udata(5c035878) 0  nil  
[2019/09/21 17:04:20 173] isr        1547 ASR_MSG_AUW,   cloud  
[2019/09/21 17:04:20 173] isr        1559 7420  2  
[2019/09/21 17:04:20 373] isr        1547 ASR_MSG_AUW,   cloud  
[2019/09/21 17:04:20 373] isr        1559 0  4  
[2019/09/21 17:04:20 374] isr        1592 aud end, USER  
[2019/09/21 17:04:20 374] isr        1636 ASR_MSG_GRSLT,   cloud  
[2019/09/21 17:04:20 375] isr        1335 0  udata(5c035878) 0  
[2019/09/21 17:04:20 375] isr        854  [aud] speech end  
[2019/09/21 17:04:20 376] isr        798  3  msc  
[2019/09/21 17:04:20 426] isr        700  cloud_status_cb, eps:  3  
[2019/09/21 17:04:20 426] isr        798  3  cloud  
[2019/09/21 17:04:20 426] isr        800  already speech end  
[2019/09/21 17:04:20 429] isr        662  cloud_rslt_cb status =   5  
[2019/09/21 17:04:20 429] isr        641  process_result call:  cloud  udata(5c037048) 5  nil  
[2019/09/21 17:04:20 429] isr        798  3  msc  
[2019/09/21 17:04:20 429] isr        800  already speech end  
[2019/09/21 17:04:20 526] isr        1636 ASR_MSG_GRSLT,   cloud  
[2019/09/21 17:04:20 526] isr        1335 0  udata(5c037048) 5  
[2019/09/21 17:04:20 677] isr        1639 ASR_MSG_SSE,   cloud  
[2019/09/21 17:04:20 677] isr        1356 session_end() [in]  
[2019/09/21 17:04:20 677] isr        1421 cloud_session_end() [in]  
[2019/09/21 17:04:20 680] isr        1488 ns_host=  dev.voicecloud.cn  
[2019/09/21 17:04:20 680] isr        1498 tick()mod=  83688040  
[2019/09/21 17:04:20 680] isr        1499 tick()=  83688040  
[2019/09/21 17:04:20 680] isr        1501 diff=  4790  
[2019/09/21 17:04:20 680] isr        1514 cloud_session_end() [out]  
[2019/09/21 17:04:20 686] isr        1667 isr unload!  
============================================================
Time  2019/09/21 17:04:44 056 
============================================================
[2019/09/21 17:04:44 056] isr        1659 isr loaded!  
[2019/09/21 17:04:44 056] isr        1642 SYS_MSG_REGCB param0 =   msp_status_cb  param1 =   func(ec02d210) 
[2019/09/21 17:04:44 056] isr        1537 ASR_MSG_SSB  
[2019/09/21 17:04:44 056] isr        1066 session_begin() [in], params:   sub = iat, domain = iat, language = zh_cn, accent = mandarin, sample_rate = 16000, result_type = plain, result_encoding = utf8  nil  
[2019/09/21 17:04:44 056] isr        927  vad_set [in]  
[2019/09/21 17:04:44 056] isr        962  vad_enable :  true  
[2019/09/21 17:04:44 056] isr        980  vad_bos :  10000  
[2019/09/21 17:04:44 056] isr        981  vad_eos :  2000  
[2019/09/21 17:04:44 056] isr        886  enable_vad [in]  
[2019/09/21 17:04:44 056] isr        918  vad enabled!  2000  10000  
[2019/09/21 17:04:44 056] isr        921  enable_vad [out]  
[2019/09/21 17:04:44 056] isr        987  vad_set [out] | ret =  0  
[2019/09/21 17:04:44 056] isr        1187 cur_engine_type =   cloud  
[2019/09/21 17:04:44 056] isr        1001 cloud_session_begin  
[2019/09/21 17:04:44 056] isr        1013 unknown  
[2019/09/21 17:04:44 257] isr        1547 ASR_MSG_AUW,   cloud  
[2019/09/21 17:04:44 258] isr        1559 3200  1  
[2019/09/21 17:04:44 258] isr        1569 once_bytes:   3200  
[2019/09/21 17:04:44 259] isr        1547 ASR_MSG_AUW,   cloud  
[2019/09/21 17:04:44 259] isr        1559 3200  2  
[2019/09/21 17:04:44 262] isr        851  [aud] speech start  
[2019/09/21 17:04:44 262] isr        798  1  msc  
[2019/09/21 17:04:44 307] isr        700  cloud_status_cb, eps:  1  
[2019/09/21 17:04:44 307] isr        798  1  cloud  
[2019/09/21 17:04:44 307] isr        813  cloud eps ignored  
[2019/09/21 17:04:44 372] isr        1547 ASR_MSG_AUW,   cloud  
[2019/09/21 17:04:44 372] isr        1559 3200  2  
[2019/09/21 17:04:44 499] isr        1547 ASR_MSG_AUW,   cloud  
[2019/09/21 17:04:44 499] isr        1559 3200  2  
[2019/09/21 17:04:44 625] isr        1547 ASR_MSG_AUW,   cloud  
[2019/09/21 17:04:44 625] isr        1559 3200  2  
[2019/09/21 17:04:44 753] isr        1547 ASR_MSG_AUW,   cloud  
[2019/09/21 17:04:44 753] isr        1559 3200  2  
[2019/09/21 17:04:44 880] isr        1547 ASR_MSG_AUW,   cloud  
[2019/09/21 17:04:44 880] isr        1559 3200  2  
[2019/09/21 17:04:44 880] isr        1547 ASR_MSG_AUW,   cloud  
[2019/09/21 17:04:44 881] isr        1559 3200  2  
[2019/09/21 17:04:45 006] isr        1547 ASR_MSG_AUW,   cloud  
[2019/09/21 17:04:45 007] isr        1559 3200  2  
[2019/09/21 17:04:45 133] isr        1547 ASR_MSG_AUW,   cloud  
[2019/09/21 17:04:45 134] isr        1559 3200  2  
[2019/09/21 17:04:45 261] isr        1547 ASR_MSG_AUW,   cloud  
[2019/09/21 17:04:45 261] isr        1559 3200  2  
[2019/09/21 17:04:45 262] isr        1547 ASR_MSG_AUW,   cloud  
[2019/09/21 17:04:45 262] isr        1559 3200  2  
[2019/09/21 17:04:45 387] isr        1547 ASR_MSG_AUW,   cloud  
[2019/09/21 17:04:45 387] isr        1559 3200  2  
[2019/09/21 17:04:45 513] isr        1547 ASR_MSG_AUW,   cloud  
[2019/09/21 17:04:45 513] isr        1559 3200  2  
[2019/09/21 17:04:45 640] isr        1547 ASR_MSG_AUW,   cloud  
[2019/09/21 17:04:45 640] isr        1559 3200  2  
[2019/09/21 17:04:45 766] isr        1547 ASR_MSG_AUW,   cloud  
[2019/09/21 17:04:45 767] isr        1559 3200  2  
[2019/09/21 17:04:45 767] isr        1547 ASR_MSG_AUW,   cloud  
[2019/09/21 17:04:45 767] isr        1559 3200  2  
[2019/09/21 17:04:45 893] isr        1547 ASR_MSG_AUW,   cloud  
[2019/09/21 17:04:45 893] isr        1559 3200  2  
[2019/09/21 17:04:46 020] isr        1547 ASR_MSG_AUW,   cloud  
[2019/09/21 17:04:46 020] isr        1559 3200  2  
[2019/09/21 17:04:46 147] isr        1547 ASR_MSG_AUW,   cloud  
[2019/09/21 17:04:46 147] isr        1559 3200  2  
[2019/09/21 17:04:46 274] isr        1547 ASR_MSG_AUW,   cloud  
[2019/09/21 17:04:46 274] isr        1559 3200  2  
[2019/09/21 17:04:46 275] isr        1547 ASR_MSG_AUW,   cloud  
[2019/09/21 17:04:46 275] isr        1559 3200  2  
[2019/09/21 17:04:46 401] isr        1547 ASR_MSG_AUW,   cloud  
[2019/09/21 17:04:46 401] isr        1559 3200  2  
[2019/09/21 17:04:46 528] isr        1547 ASR_MSG_AUW,   cloud  
[2019/09/21 17:04:46 528] isr        1559 3200  2  
[2019/09/21 17:04:46 654] isr        1547 ASR_MSG_AUW,   cloud  
[2019/09/21 17:04:46 655] isr        1559 3200  2  
[2019/09/21 17:04:46 657] isr        1547 ASR_MSG_AUW,   cloud  
[2019/09/21 17:04:46 657] isr        1559 3200  2  
[2019/09/21 17:04:46 781] isr        1547 ASR_MSG_AUW,   cloud  
[2019/09/21 17:04:46 782] isr        1559 3200  2  
[2019/09/21 17:04:46 908] isr        1547 ASR_MSG_AUW,   cloud  
[2019/09/21 17:04:46 909] isr        1559 3200  2  
[2019/09/21 17:04:47 035] isr        1547 ASR_MSG_AUW,   cloud  
[2019/09/21 17:04:47 035] isr        1559 3200  2  
[2019/09/21 17:04:47 163] isr        1547 ASR_MSG_AUW,   cloud  
[2019/09/21 17:04:47 163] isr        1559 3200  2  
[2019/09/21 17:04:47 164] isr        1547 ASR_MSG_AUW,   cloud  
[2019/09/21 17:04:47 164] isr        1559 3200  2  
[2019/09/21 17:04:47 288] isr        1547 ASR_MSG_AUW,   cloud  
[2019/09/21 17:04:47 288] isr        1559 3200  2  
[2019/09/21 17:04:47 337] isr        662  cloud_rslt_cb status =   0  
[2019/09/21 17:04:47 337] isr        641  process_result call:  cloud  udata(ec034248) 0  nil  
[2019/09/21 17:04:47 415] isr        1547 ASR_MSG_AUW,   cloud  
[2019/09/21 17:04:47 415] isr        1559 3200  2  
[2019/09/21 17:04:47 542] isr        1547 ASR_MSG_AUW,   cloud  
[2019/09/21 17:04:47 542] isr        1559 3200  2  
[2019/09/21 17:04:47 543] isr        1636 ASR_MSG_GRSLT,   cloud  
[2019/09/21 17:04:47 543] isr        1335 0  udata(ec034248) 0  
[2019/09/21 17:04:47 669] isr        1547 ASR_MSG_AUW,   cloud  
[2019/09/21 17:04:47 669] isr        1559 3200  2  
[2019/09/21 17:04:47 670] isr        1636 ASR_MSG_GRSLT,   cloud  
[2019/09/21 17:04:47 670] isr        1335 0  nil  2  
[2019/09/21 17:04:47 671] isr        1547 ASR_MSG_AUW,   cloud  
[2019/09/21 17:04:47 671] isr        1559 3200  2  
[2019/09/21 17:04:47 797] isr        1547 ASR_MSG_AUW,   cloud  
[2019/09/21 17:04:47 797] isr        1559 3200  2  
[2019/09/21 17:04:47 923] isr        1547 ASR_MSG_AUW,   cloud  
[2019/09/21 17:04:47 923] isr        1559 3200  2  
[2019/09/21 17:04:48 050] isr        1547 ASR_MSG_AUW,   cloud  
[2019/09/21 17:04:48 050] isr        1559 3200  2  
[2019/09/21 17:04:48 176] isr        1547 ASR_MSG_AUW,   cloud  
[2019/09/21 17:04:48 177] isr        1559 3200  2  
[2019/09/21 17:04:48 177] isr        1547 ASR_MSG_AUW,   cloud  
[2019/09/21 17:04:48 177] isr        1559 3200  2  
[2019/09/21 17:04:48 302] isr        1547 ASR_MSG_AUW,   cloud  
[2019/09/21 17:04:48 302] isr        1559 3200  2  
[2019/09/21 17:04:48 429] isr        1547 ASR_MSG_AUW,   cloud  
[2019/09/21 17:04:48 429] isr        1559 3200  2  
[2019/09/21 17:04:48 556] isr        1547 ASR_MSG_AUW,   cloud  
[2019/09/21 17:04:48 557] isr        1559 3200  2  
[2019/09/21 17:04:48 558] isr        1547 ASR_MSG_AUW,   cloud  
[2019/09/21 17:04:48 558] isr        1559 3200  2  
[2019/09/21 17:04:48 682] isr        1547 ASR_MSG_AUW,   cloud  
[2019/09/21 17:04:48 682] isr        1559 3200  2  
[2019/09/21 17:04:48 809] isr        1547 ASR_MSG_AUW,   cloud  
[2019/09/21 17:04:48 809] isr        1559 3200  2  
[2019/09/21 17:04:48 936] isr        1547 ASR_MSG_AUW,   cloud  
[2019/09/21 17:04:48 936] isr        1559 3200  2  
[2019/09/21 17:04:48 987] isr        662  cloud_rslt_cb status =   5  
[2019/09/21 17:04:48 987] isr        641  process_result call:  cloud  udata(ec036118) 5  nil  
[2019/09/21 17:04:48 987] isr        798  3  msc  
[2019/09/21 17:04:49 063] isr        1547 ASR_MSG_AUW,   cloud  
[2019/09/21 17:04:49 063] isr        1559 3200  2  
[2019/09/21 17:04:49 065] isr        1636 ASR_MSG_GRSLT,   cloud  
[2019/09/21 17:04:49 065] isr        1335 0  udata(ec036118) 5  
[2019/09/21 17:04:49 166] isr        1639 ASR_MSG_SSE,   cloud  
[2019/09/21 17:04:49 166] isr        1356 session_end() [in]  
[2019/09/21 17:04:49 166] isr        1421 cloud_session_end() [in]  
[2019/09/21 17:04:49 168] isr        1488 ns_host=  dev.voicecloud.cn  
[2019/09/21 17:04:49 169] isr        1498 tick()mod=  83716529  
[2019/09/21 17:04:49 169] isr        1499 tick()=  83716529  
[2019/09/21 17:04:49 169] isr        1501 diff=  4985  
[2019/09/21 17:04:49 169] isr        1514 cloud_session_end() [out]  
[2019/09/21 17:04:49 170] isr        1667 isr unload!  
