============================================================
Time  2019/10/07 18:45:04 230 
============================================================
[2019/10/07 18:45:04 230] lgi        684  SYS_MSG_LOAD  
[2019/10/07 18:45:04 233] lgi        706  SYS_MSG_REGCB  msp_status_cb  func(7c013690) 
[2019/10/07 18:45:04 233] lgi        298  LGI_MSG_INIT  
[2019/10/07 18:45:04 233] lgi        305  lgi  lgi_  268436457  1552287548  
[2019/10/07 18:45:04 233] lgi        347  work_dir  .  
[2019/10/07 18:45:04 233] lgi        403  token:  nil  
[2019/10/07 18:45:04 233] lgi        476  msc cver : 5.0.42.1226  
[2019/10/07 18:45:04 234] lgi        519  ns_enable=  1  
[2019/10/07 18:45:04 234] lgi        531  prot_ver=1  
[2019/10/07 18:45:04 234] lgi        542  prot_type=tcp  
[2019/10/07 18:45:04 234] lgi        693  SYS_MSG_UNLOAD  go bg!  
[2019/10/07 18:45:13 378] lgi        697  SYS_MSG_SHUTDOWN  
============================================================
Time  2019/10/07 18:45:15 516 
============================================================
[2019/10/07 18:45:15 516] lgi        684  SYS_MSG_LOAD  
[2019/10/07 18:45:15 517] lgi        706  SYS_MSG_REGCB  msp_status_cb  func(f00136b0) 
[2019/10/07 18:45:15 517] lgi        298  LGI_MSG_INIT  
[2019/10/07 18:45:15 517] lgi        305  lgi  lgi_  268436457  1552287548  
[2019/10/07 18:45:15 517] lgi        347  work_dir  .  
[2019/10/07 18:45:15 517] lgi        403  token:  nil  
[2019/10/07 18:45:15 517] lgi        476  msc cver : 5.0.42.1226  
[2019/10/07 18:45:15 517] lgi        519  ns_enable=  1  
[2019/10/07 18:45:15 517] lgi        531  prot_ver=1  
[2019/10/07 18:45:15 517] lgi        542  prot_type=tcp  
[2019/10/07 18:45:15 518] lgi        693  SYS_MSG_UNLOAD  go bg!  
[2019/10/07 18:45:16 753] lgi        697  SYS_MSG_SHUTDOWN  
============================================================
Time  2019/10/07 18:46:28 746 
============================================================
[2019/10/07 18:46:28 746] lgi        684  SYS_MSG_LOAD  
[2019/10/07 18:46:28 748] lgi        706  SYS_MSG_REGCB  msp_status_cb  func(24013690) 
[2019/10/07 18:46:28 749] lgi        298  LGI_MSG_INIT  
[2019/10/07 18:46:28 749] lgi        305  lgi  lgi_  268436457  1552287548  
[2019/10/07 18:46:28 749] lgi        347  work_dir  .  
[2019/10/07 18:46:28 749] lgi        403  token:  nil  
[2019/10/07 18:46:28 749] lgi        476  msc cver : 5.0.42.1226  
[2019/10/07 18:46:28 750] lgi        519  ns_enable=  1  
[2019/10/07 18:46:28 750] lgi        531  prot_ver=1  
[2019/10/07 18:46:28 750] lgi        542  prot_type=tcp  
[2019/10/07 18:46:28 752] lgi        693  SYS_MSG_UNLOAD  go bg!  
[2019/10/07 18:46:30 816] lgi        697  SYS_MSG_SHUTDOWN  
============================================================
Time  2019/10/07 18:46:32 043 
============================================================
[2019/10/07 18:46:32 043] lgi        684  SYS_MSG_LOAD  
[2019/10/07 18:46:32 044] lgi        706  SYS_MSG_REGCB  msp_status_cb  func(e40532a0) 
[2019/10/07 18:46:32 044] lgi        298  LGI_MSG_INIT  
[2019/10/07 18:46:32 044] lgi        305  lgi  lgi_  268436457  1552287548  
[2019/10/07 18:46:32 044] lgi        347  work_dir  .  
[2019/10/07 18:46:32 045] lgi        403  token:  nil  
[2019/10/07 18:46:32 045] lgi        476  msc cver : 5.0.42.1226  
[2019/10/07 18:46:32 045] lgi        519  ns_enable=  1  
[2019/10/07 18:46:32 045] lgi        531  prot_ver=1  
[2019/10/07 18:46:32 045] lgi        542  prot_type=tcp  
[2019/10/07 18:46:32 045] lgi        693  SYS_MSG_UNLOAD  go bg!  
[2019/10/07 18:46:33 220] lgi        697  SYS_MSG_SHUTDOWN  
============================================================
Time  2019/10/07 18:51:41 440 
============================================================
[2019/10/07 18:51:41 440] lgi        684  SYS_MSG_LOAD  
[2019/10/07 18:51:41 441] lgi        706  SYS_MSG_REGCB  msp_status_cb  func(700136b0) 
[2019/10/07 18:51:41 442] lgi        298  LGI_MSG_INIT  
[2019/10/07 18:51:41 442] lgi        305  lgi  lgi_  268436457  1552287548  
[2019/10/07 18:51:41 442] lgi        347  work_dir  .  
[2019/10/07 18:51:41 442] lgi        403  token:  nil  
[2019/10/07 18:51:41 442] lgi        476  msc cver : 5.0.42.1226  
[2019/10/07 18:51:41 442] lgi        519  ns_enable=  1  
[2019/10/07 18:51:41 442] lgi        531  prot_ver=1  
[2019/10/07 18:51:41 442] lgi        542  prot_type=tcp  
[2019/10/07 18:51:41 443] lgi        693  SYS_MSG_UNLOAD  go bg!  
[2019/10/07 18:51:44 932] lgi        697  SYS_MSG_SHUTDOWN  
============================================================
Time  2019/10/07 18:51:46 622 
============================================================
[2019/10/07 18:51:46 622] lgi        684  SYS_MSG_LOAD  
[2019/10/07 18:51:46 624] lgi        706  SYS_MSG_REGCB  msp_status_cb  func(f80136b0) 
[2019/10/07 18:51:46 625] lgi        298  LGI_MSG_INIT  
[2019/10/07 18:51:46 625] lgi        305  lgi  lgi_  268436457  1552287548  
[2019/10/07 18:51:46 625] lgi        347  work_dir  .  
[2019/10/07 18:51:46 625] lgi        403  token:  nil  
[2019/10/07 18:51:46 625] lgi        476  msc cver : 5.0.42.1226  
[2019/10/07 18:51:46 626] lgi        519  ns_enable=  1  
[2019/10/07 18:51:46 626] lgi        531  prot_ver=1  
[2019/10/07 18:51:46 626] lgi        542  prot_type=tcp  
[2019/10/07 18:51:46 627] lgi        693  SYS_MSG_UNLOAD  go bg!  
[2019/10/07 18:51:48 311] lgi        697  SYS_MSG_SHUTDOWN  
============================================================
Time  2019/10/07 18:51:49 984 
============================================================
[2019/10/07 18:51:49 984] lgi        684  SYS_MSG_LOAD  
[2019/10/07 18:51:49 990] lgi        706  SYS_MSG_REGCB  msp_status_cb  func(a4013690) 
[2019/10/07 18:51:49 991] lgi        298  LGI_MSG_INIT  
[2019/10/07 18:51:49 991] lgi        305  lgi  lgi_  268436457  1552287548  
[2019/10/07 18:51:49 991] lgi        347  work_dir  .  
[2019/10/07 18:51:49 991] lgi        403  token:  nil  
[2019/10/07 18:51:49 991] lgi        476  msc cver : 5.0.42.1226  
[2019/10/07 18:51:49 992] lgi        519  ns_enable=  1  
[2019/10/07 18:51:49 992] lgi        531  prot_ver=1  
[2019/10/07 18:51:49 992] lgi        542  prot_type=tcp  
[2019/10/07 18:51:49 992] lgi        693  SYS_MSG_UNLOAD  go bg!  
[2019/10/07 18:51:51 595] lgi        697  SYS_MSG_SHUTDOWN  
============================================================
Time  2019/10/07 18:51:55 392 
============================================================
[2019/10/07 18:51:55 392] lgi        684  SYS_MSG_LOAD  
[2019/10/07 18:51:55 394] lgi        706  SYS_MSG_REGCB  msp_status_cb  func(880532a0) 
[2019/10/07 18:51:55 394] lgi        298  LGI_MSG_INIT  
[2019/10/07 18:51:55 394] lgi        305  lgi  lgi_  268436457  1552287548  
[2019/10/07 18:51:55 394] lgi        347  work_dir  .  
[2019/10/07 18:51:55 394] lgi        403  token:  nil  
[2019/10/07 18:51:55 395] lgi        476  msc cver : 5.0.42.1226  
[2019/10/07 18:51:55 395] lgi        519  ns_enable=  1  
[2019/10/07 18:51:55 395] lgi        531  prot_ver=1  
[2019/10/07 18:51:55 395] lgi        542  prot_type=tcp  
[2019/10/07 18:51:55 395] lgi        693  SYS_MSG_UNLOAD  go bg!  
[2019/10/07 18:51:58 085] lgi        697  SYS_MSG_SHUTDOWN  
============================================================
Time  2019/10/07 18:51:58 706 
============================================================
[2019/10/07 18:51:58 706] lgi        684  SYS_MSG_LOAD  
[2019/10/07 18:51:58 708] lgi        706  SYS_MSG_REGCB  msp_status_cb  func(94013690) 
[2019/10/07 18:51:58 708] lgi        298  LGI_MSG_INIT  
[2019/10/07 18:51:58 708] lgi        305  lgi  lgi_  268436457  1552287548  
[2019/10/07 18:51:58 708] lgi        347  work_dir  .  
[2019/10/07 18:51:58 708] lgi        403  token:  nil  
[2019/10/07 18:51:58 708] lgi        476  msc cver : 5.0.42.1226  
[2019/10/07 18:51:58 708] lgi        519  ns_enable=  1  
[2019/10/07 18:51:58 709] lgi        531  prot_ver=1  
[2019/10/07 18:51:58 709] lgi        542  prot_type=tcp  
[2019/10/07 18:51:58 710] lgi        693  SYS_MSG_UNLOAD  go bg!  
[2019/10/07 18:52:00 180] lgi        697  SYS_MSG_SHUTDOWN  
============================================================
Time  2019/10/07 18:52:01 416 
============================================================
[2019/10/07 18:52:01 416] lgi        684  SYS_MSG_LOAD  
[2019/10/07 18:52:01 417] lgi        706  SYS_MSG_REGCB  msp_status_cb  func(7c013690) 
[2019/10/07 18:52:01 417] lgi        298  LGI_MSG_INIT  
[2019/10/07 18:52:01 417] lgi        305  lgi  lgi_  268436457  1552287548  
[2019/10/07 18:52:01 417] lgi        347  work_dir  .  
[2019/10/07 18:52:01 417] lgi        403  token:  nil  
[2019/10/07 18:52:01 417] lgi        476  msc cver : 5.0.42.1226  
[2019/10/07 18:52:01 417] lgi        519  ns_enable=  1  
[2019/10/07 18:52:01 417] lgi        531  prot_ver=1  
[2019/10/07 18:52:01 417] lgi        542  prot_type=tcp  
[2019/10/07 18:52:01 417] lgi        693  SYS_MSG_UNLOAD  go bg!  
[2019/10/07 18:52:02 838] lgi        697  SYS_MSG_SHUTDOWN  
============================================================
Time  2019/10/07 18:52:04 198 
============================================================
[2019/10/07 18:52:04 198] lgi        684  SYS_MSG_LOAD  
[2019/10/07 18:52:04 198] lgi        706  SYS_MSG_REGCB  msp_status_cb  func(80013690) 
[2019/10/07 18:52:04 198] lgi        298  LGI_MSG_INIT  
[2019/10/07 18:52:04 198] lgi        305  lgi  lgi_  268436457  1552287548  
[2019/10/07 18:52:04 199] lgi        347  work_dir  .  
[2019/10/07 18:52:04 199] lgi        403  token:  nil  
[2019/10/07 18:52:04 199] lgi        476  msc cver : 5.0.42.1226  
[2019/10/07 18:52:04 199] lgi        519  ns_enable=  1  
[2019/10/07 18:52:04 199] lgi        531  prot_ver=1  
[2019/10/07 18:52:04 199] lgi        542  prot_type=tcp  
[2019/10/07 18:52:04 199] lgi        693  SYS_MSG_UNLOAD  go bg!  
[2019/10/07 18:52:05 284] lgi        697  SYS_MSG_SHUTDOWN  
============================================================
Time  2019/10/07 18:52:10 169 
============================================================
[2019/10/07 18:52:10 169] lgi        684  SYS_MSG_LOAD  
[2019/10/07 18:52:10 172] lgi        706  SYS_MSG_REGCB  msp_status_cb  func(5c0136b0) 
[2019/10/07 18:52:10 172] lgi        298  LGI_MSG_INIT  
[2019/10/07 18:52:10 172] lgi        305  lgi  lgi_  268436457  1552287548  
[2019/10/07 18:52:10 172] lgi        347  work_dir  .  
[2019/10/07 18:52:10 172] lgi        403  token:  nil  
[2019/10/07 18:52:10 172] lgi        476  msc cver : 5.0.42.1226  
[2019/10/07 18:52:10 173] lgi        519  ns_enable=  1  
[2019/10/07 18:52:10 173] lgi        531  prot_ver=1  
[2019/10/07 18:52:10 173] lgi        542  prot_type=tcp  
[2019/10/07 18:52:10 173] lgi        693  SYS_MSG_UNLOAD  go bg!  
[2019/10/07 18:52:11 599] lgi        697  SYS_MSG_SHUTDOWN  
============================================================
Time  2019/10/07 18:52:13 030 
============================================================
[2019/10/07 18:52:13 030] lgi        684  SYS_MSG_LOAD  
[2019/10/07 18:52:13 031] lgi        706  SYS_MSG_REGCB  msp_status_cb  func(a8013690) 
[2019/10/07 18:52:13 031] lgi        298  LGI_MSG_INIT  
[2019/10/07 18:52:13 031] lgi        305  lgi  lgi_  268436457  1552287548  
[2019/10/07 18:52:13 031] lgi        347  work_dir  .  
[2019/10/07 18:52:13 032] lgi        403  token:  nil  
[2019/10/07 18:52:13 032] lgi        476  msc cver : 5.0.42.1226  
[2019/10/07 18:52:13 032] lgi        519  ns_enable=  1  
[2019/10/07 18:52:13 032] lgi        531  prot_ver=1  
[2019/10/07 18:52:13 032] lgi        542  prot_type=tcp  
[2019/10/07 18:52:13 032] lgi        693  SYS_MSG_UNLOAD  go bg!  
[2019/10/07 18:52:14 530] lgi        697  SYS_MSG_SHUTDOWN  
============================================================
Time  2019/10/07 18:52:15 977 
============================================================
[2019/10/07 18:52:15 977] lgi        684  SYS_MSG_LOAD  
[2019/10/07 18:52:15 981] lgi        706  SYS_MSG_REGCB  msp_status_cb  func(dc013690) 
[2019/10/07 18:52:15 981] lgi        298  LGI_MSG_INIT  
[2019/10/07 18:52:15 981] lgi        305  lgi  lgi_  268436457  1552287548  
[2019/10/07 18:52:15 981] lgi        347  work_dir  .  
[2019/10/07 18:52:15 981] lgi        403  token:  nil  
[2019/10/07 18:52:15 981] lgi        476  msc cver : 5.0.42.1226  
[2019/10/07 18:52:15 982] lgi        519  ns_enable=  1  
[2019/10/07 18:52:15 982] lgi        531  prot_ver=1  
[2019/10/07 18:52:15 982] lgi        542  prot_type=tcp  
[2019/10/07 18:52:15 982] lgi        693  SYS_MSG_UNLOAD  go bg!  
[2019/10/07 18:52:17 117] lgi        697  SYS_MSG_SHUTDOWN  
============================================================
Time  2019/10/07 18:52:42 797 
============================================================
[2019/10/07 18:52:42 797] lgi        684  SYS_MSG_LOAD  
[2019/10/07 18:52:42 800] lgi        706  SYS_MSG_REGCB  msp_status_cb  func(ec0136b0) 
[2019/10/07 18:52:42 800] lgi        298  LGI_MSG_INIT  
[2019/10/07 18:52:42 800] lgi        305  lgi  lgi_  268436457  1552287548  
[2019/10/07 18:52:42 800] lgi        347  work_dir  .  
[2019/10/07 18:52:42 801] lgi        403  token:  nil  
[2019/10/07 18:52:42 801] lgi        476  msc cver : 5.0.42.1226  
[2019/10/07 18:52:42 801] lgi        519  ns_enable=  1  
[2019/10/07 18:52:42 801] lgi        531  prot_ver=1  
[2019/10/07 18:52:42 801] lgi        542  prot_type=tcp  
[2019/10/07 18:52:42 801] lgi        693  SYS_MSG_UNLOAD  go bg!  
[2019/10/07 18:52:44 013] lgi        697  SYS_MSG_SHUTDOWN  
============================================================
Time  2019/10/07 18:52:45 457 
============================================================
[2019/10/07 18:52:45 457] lgi        684  SYS_MSG_LOAD  
[2019/10/07 18:52:45 459] lgi        706  SYS_MSG_REGCB  msp_status_cb  func(bc0136b0) 
[2019/10/07 18:52:45 460] lgi        298  LGI_MSG_INIT  
[2019/10/07 18:52:45 460] lgi        305  lgi  lgi_  268436457  1552287548  
[2019/10/07 18:52:45 460] lgi        347  work_dir  .  
[2019/10/07 18:52:45 460] lgi        403  token:  nil  
[2019/10/07 18:52:45 460] lgi        476  msc cver : 5.0.42.1226  
[2019/10/07 18:52:45 460] lgi        519  ns_enable=  1  
[2019/10/07 18:52:45 460] lgi        531  prot_ver=1  
[2019/10/07 18:52:45 460] lgi        542  prot_type=tcp  
[2019/10/07 18:52:45 460] lgi        693  SYS_MSG_UNLOAD  go bg!  
[2019/10/07 18:52:46 500] lgi        697  SYS_MSG_SHUTDOWN  
============================================================
Time  2019/10/07 18:53:31 274 
============================================================
[2019/10/07 18:53:31 274] lgi        684  SYS_MSG_LOAD  
[2019/10/07 18:53:31 275] lgi        706  SYS_MSG_REGCB  msp_status_cb  func(200136b0) 
[2019/10/07 18:53:31 275] lgi        298  LGI_MSG_INIT  
[2019/10/07 18:53:31 276] lgi        305  lgi  lgi_  268436457  1552287548  
[2019/10/07 18:53:31 276] lgi        347  work_dir  .  
[2019/10/07 18:53:31 276] lgi        403  token:  nil  
[2019/10/07 18:53:31 276] lgi        476  msc cver : 5.0.42.1226  
[2019/10/07 18:53:31 277] lgi        519  ns_enable=  1  
[2019/10/07 18:53:31 277] lgi        531  prot_ver=1  
[2019/10/07 18:53:31 277] lgi        542  prot_type=tcp  
[2019/10/07 18:53:31 277] lgi        693  SYS_MSG_UNLOAD  go bg!  
[2019/10/07 18:53:32 823] lgi        697  SYS_MSG_SHUTDOWN  
============================================================
Time  2019/10/07 18:58:36 836 
============================================================
[2019/10/07 18:58:36 836] lgi        684  SYS_MSG_LOAD  
[2019/10/07 18:58:36 839] lgi        706  SYS_MSG_REGCB  msp_status_cb  func(4c0131e0) 
[2019/10/07 18:58:36 840] lgi        298  LGI_MSG_INIT  
[2019/10/07 18:58:36 840] lgi        305  lgi  lgi_  268436457  1552363844  
[2019/10/07 18:58:36 840] lgi        347  work_dir  .  
[2019/10/07 18:58:36 840] lgi        403  token:  nil  
[2019/10/07 18:58:36 840] lgi        476  msc cver : 5.0.42.1226  
[2019/10/07 18:58:36 840] lgi        519  ns_enable=  1  
[2019/10/07 18:58:36 840] lgi        531  prot_ver=1  
[2019/10/07 18:58:36 840] lgi        542  prot_type=tcp  
[2019/10/07 18:58:36 841] lgi        693  SYS_MSG_UNLOAD  go bg!  
[2019/10/07 18:58:50 525] lgi        697  SYS_MSG_SHUTDOWN  
============================================================
Time  2019/10/07 19:02:13 138 
============================================================
[2019/10/07 19:02:13 138] lgi        684  SYS_MSG_LOAD  
[2019/10/07 19:02:13 139] lgi        706  SYS_MSG_REGCB  msp_status_cb  func(d00532b0) 
[2019/10/07 19:02:13 140] lgi        298  LGI_MSG_INIT  
[2019/10/07 19:02:13 140] lgi        305  lgi  lgi_  268436457  1552287548  
[2019/10/07 19:02:13 140] lgi        347  work_dir  .  
[2019/10/07 19:02:13 140] lgi        403  token:  nil  
[2019/10/07 19:02:13 140] lgi        476  msc cver : 5.0.42.1226  
[2019/10/07 19:02:13 141] lgi        519  ns_enable=  1  
[2019/10/07 19:02:13 141] lgi        531  prot_ver=1  
[2019/10/07 19:02:13 141] lgi        542  prot_type=tcp  
[2019/10/07 19:02:13 142] lgi        693  SYS_MSG_UNLOAD  go bg!  
[2019/10/07 19:02:16 505] lgi        697  SYS_MSG_SHUTDOWN  
============================================================
Time  2019/10/07 19:02:18 211 
============================================================
[2019/10/07 19:02:18 211] lgi        684  SYS_MSG_LOAD  
[2019/10/07 19:02:18 212] lgi        706  SYS_MSG_REGCB  msp_status_cb  func(fc0136b0) 
[2019/10/07 19:02:18 213] lgi        298  LGI_MSG_INIT  
[2019/10/07 19:02:18 213] lgi        305  lgi  lgi_  268436457  1552287548  
[2019/10/07 19:02:18 213] lgi        347  work_dir  .  
[2019/10/07 19:02:18 213] lgi        403  token:  nil  
[2019/10/07 19:02:18 213] lgi        476  msc cver : 5.0.42.1226  
[2019/10/07 19:02:18 213] lgi        519  ns_enable=  1  
[2019/10/07 19:02:18 213] lgi        531  prot_ver=1  
[2019/10/07 19:02:18 213] lgi        542  prot_type=tcp  
[2019/10/07 19:02:18 214] lgi        693  SYS_MSG_UNLOAD  go bg!  
[2019/10/07 19:02:19 169] lgi        697  SYS_MSG_SHUTDOWN  
============================================================
Time  2019/10/07 19:02:20 159 
============================================================
[2019/10/07 19:02:20 160] lgi        684  SYS_MSG_LOAD  
[2019/10/07 19:02:20 162] lgi        706  SYS_MSG_REGCB  msp_status_cb  func(c80136b0) 
[2019/10/07 19:02:20 162] lgi        298  LGI_MSG_INIT  
[2019/10/07 19:02:20 163] lgi        305  lgi  lgi_  268436457  1552287548  
[2019/10/07 19:02:20 163] lgi        347  work_dir  .  
[2019/10/07 19:02:20 163] lgi        403  token:  nil  
[2019/10/07 19:02:20 163] lgi        476  msc cver : 5.0.42.1226  
[2019/10/07 19:02:20 163] lgi        519  ns_enable=  1  
[2019/10/07 19:02:20 163] lgi        531  prot_ver=1  
[2019/10/07 19:02:20 163] lgi        542  prot_type=tcp  
[2019/10/07 19:02:20 164] lgi        693  SYS_MSG_UNLOAD  go bg!  
[2019/10/07 19:02:20 977] lgi        697  SYS_MSG_SHUTDOWN  
============================================================
Time  2019/10/07 19:02:21 780 
============================================================
[2019/10/07 19:02:21 780] lgi        684  SYS_MSG_LOAD  
[2019/10/07 19:02:21 783] lgi        706  SYS_MSG_REGCB  msp_status_cb  func(a4013690) 
[2019/10/07 19:02:21 783] lgi        298  LGI_MSG_INIT  
[2019/10/07 19:02:21 784] lgi        305  lgi  lgi_  268436457  1552287548  
[2019/10/07 19:02:21 784] lgi        347  work_dir  .  
[2019/10/07 19:02:21 784] lgi        403  token:  nil  
[2019/10/07 19:02:21 784] lgi        476  msc cver : 5.0.42.1226  
[2019/10/07 19:02:21 784] lgi        519  ns_enable=  1  
[2019/10/07 19:02:21 784] lgi        531  prot_ver=1  
[2019/10/07 19:02:21 784] lgi        542  prot_type=tcp  
[2019/10/07 19:02:21 785] lgi        693  SYS_MSG_UNLOAD  go bg!  
[2019/10/07 19:02:22 616] lgi        697  SYS_MSG_SHUTDOWN  
============================================================
Time  2019/10/07 19:02:23 517 
============================================================
[2019/10/07 19:02:23 518] lgi        684  SYS_MSG_LOAD  
[2019/10/07 19:02:23 520] lgi        706  SYS_MSG_REGCB  msp_status_cb  func(38013690) 
[2019/10/07 19:02:23 520] lgi        298  LGI_MSG_INIT  
[2019/10/07 19:02:23 520] lgi        305  lgi  lgi_  268436457  1552287548  
[2019/10/07 19:02:23 521] lgi        347  work_dir  .  
[2019/10/07 19:02:23 521] lgi        403  token:  nil  
[2019/10/07 19:02:23 521] lgi        476  msc cver : 5.0.42.1226  
[2019/10/07 19:02:23 521] lgi        519  ns_enable=  1  
[2019/10/07 19:02:23 521] lgi        531  prot_ver=1  
[2019/10/07 19:02:23 521] lgi        542  prot_type=tcp  
[2019/10/07 19:02:23 521] lgi        693  SYS_MSG_UNLOAD  go bg!  
[2019/10/07 19:02:24 186] lgi        697  SYS_MSG_SHUTDOWN  
============================================================
Time  2019/10/07 19:30:15 041 
============================================================
[2019/10/07 19:30:15 041] lgi        684  SYS_MSG_LOAD  
[2019/10/07 19:30:15 041] lgi        706  SYS_MSG_REGCB  msp_status_cb  func(e4053290) 
[2019/10/07 19:30:15 041] lgi        298  LGI_MSG_INIT  
[2019/10/07 19:30:15 041] lgi        305  lgi  lgi_  268436457  1552287548  
[2019/10/07 19:30:15 042] lgi        347  work_dir  .  
[2019/10/07 19:30:15 042] lgi        403  token:  nil  
[2019/10/07 19:30:15 042] lgi        476  msc cver : 5.0.42.1226  
[2019/10/07 19:30:15 042] lgi        519  ns_enable=  1  
[2019/10/07 19:30:15 042] lgi        531  prot_ver=1  
[2019/10/07 19:30:15 042] lgi        542  prot_type=tcp  
[2019/10/07 19:30:15 042] lgi        693  SYS_MSG_UNLOAD  go bg!  
[2019/10/07 19:30:16 660] lgi        697  SYS_MSG_SHUTDOWN  
============================================================
Time  2019/10/07 19:30:18 038 
============================================================
[2019/10/07 19:30:18 038] lgi        684  SYS_MSG_LOAD  
[2019/10/07 19:30:18 040] lgi        706  SYS_MSG_REGCB  msp_status_cb  func(c4013690) 
[2019/10/07 19:30:18 041] lgi        298  LGI_MSG_INIT  
[2019/10/07 19:30:18 041] lgi        305  lgi  lgi_  268436457  1552287548  
[2019/10/07 19:30:18 041] lgi        347  work_dir  .  
[2019/10/07 19:30:18 041] lgi        403  token:  nil  
[2019/10/07 19:30:18 041] lgi        476  msc cver : 5.0.42.1226  
[2019/10/07 19:30:18 041] lgi        519  ns_enable=  1  
[2019/10/07 19:30:18 041] lgi        531  prot_ver=1  
[2019/10/07 19:30:18 041] lgi        542  prot_type=tcp  
[2019/10/07 19:30:18 042] lgi        693  SYS_MSG_UNLOAD  go bg!  
[2019/10/07 19:30:19 332] lgi        697  SYS_MSG_SHUTDOWN  
============================================================
Time  2019/10/07 19:30:20 088 
============================================================
[2019/10/07 19:30:20 088] lgi        684  SYS_MSG_LOAD  
[2019/10/07 19:30:20 089] lgi        706  SYS_MSG_REGCB  msp_status_cb  func(e8013690) 
[2019/10/07 19:30:20 089] lgi        298  LGI_MSG_INIT  
[2019/10/07 19:30:20 089] lgi        305  lgi  lgi_  268436457  1552287548  
[2019/10/07 19:30:20 089] lgi        347  work_dir  .  
[2019/10/07 19:30:20 089] lgi        403  token:  nil  
[2019/10/07 19:30:20 089] lgi        476  msc cver : 5.0.42.1226  
[2019/10/07 19:30:20 089] lgi        519  ns_enable=  1  
[2019/10/07 19:30:20 089] lgi        531  prot_ver=1  
[2019/10/07 19:30:20 089] lgi        542  prot_type=tcp  
[2019/10/07 19:30:20 089] lgi        693  SYS_MSG_UNLOAD  go bg!  
[2019/10/07 19:30:21 197] lgi        697  SYS_MSG_SHUTDOWN  
============================================================
Time  2019/10/07 19:30:22 250 
============================================================
[2019/10/07 19:30:22 250] lgi        684  SYS_MSG_LOAD  
[2019/10/07 19:30:22 250] lgi        706  SYS_MSG_REGCB  msp_status_cb  func(54013690) 
[2019/10/07 19:30:22 250] lgi        298  LGI_MSG_INIT  
[2019/10/07 19:30:22 250] lgi        305  lgi  lgi_  268436457  1552287548  
[2019/10/07 19:30:22 250] lgi        347  work_dir  .  
[2019/10/07 19:30:22 250] lgi        403  token:  nil  
[2019/10/07 19:30:22 250] lgi        476  msc cver : 5.0.42.1226  
[2019/10/07 19:30:22 250] lgi        519  ns_enable=  1  
[2019/10/07 19:30:22 250] lgi        531  prot_ver=1  
[2019/10/07 19:30:22 250] lgi        542  prot_type=tcp  
[2019/10/07 19:30:22 251] lgi        693  SYS_MSG_UNLOAD  go bg!  
[2019/10/07 19:30:24 501] lgi        697  SYS_MSG_SHUTDOWN  
============================================================
Time  2019/10/07 19:30:25 216 
============================================================
[2019/10/07 19:30:25 216] lgi        684  SYS_MSG_LOAD  
[2019/10/07 19:30:25 217] lgi        706  SYS_MSG_REGCB  msp_status_cb  func(8c013690) 
[2019/10/07 19:30:25 217] lgi        298  LGI_MSG_INIT  
[2019/10/07 19:30:25 217] lgi        305  lgi  lgi_  268436457  1552287548  
[2019/10/07 19:30:25 217] lgi        347  work_dir  .  
[2019/10/07 19:30:25 217] lgi        403  token:  nil  
[2019/10/07 19:30:25 217] lgi        476  msc cver : 5.0.42.1226  
[2019/10/07 19:30:25 217] lgi        519  ns_enable=  1  
[2019/10/07 19:30:25 217] lgi        531  prot_ver=1  
[2019/10/07 19:30:25 217] lgi        542  prot_type=tcp  
[2019/10/07 19:30:25 217] lgi        693  SYS_MSG_UNLOAD  go bg!  
[2019/10/07 19:30:26 036] lgi        697  SYS_MSG_SHUTDOWN  
============================================================
Time  2019/10/07 19:30:38 088 
============================================================
[2019/10/07 19:30:38 088] lgi        684  SYS_MSG_LOAD  
[2019/10/07 19:30:38 089] lgi        706  SYS_MSG_REGCB  msp_status_cb  func(480532a0) 
[2019/10/07 19:30:38 089] lgi        298  LGI_MSG_INIT  
[2019/10/07 19:30:38 089] lgi        305  lgi  lgi_  268436457  1552287548  
[2019/10/07 19:30:38 089] lgi        347  work_dir  .  
[2019/10/07 19:30:38 089] lgi        403  token:  nil  
[2019/10/07 19:30:38 089] lgi        476  msc cver : 5.0.42.1226  
[2019/10/07 19:30:38 089] lgi        519  ns_enable=  1  
[2019/10/07 19:30:38 089] lgi        531  prot_ver=1  
[2019/10/07 19:30:38 089] lgi        542  prot_type=tcp  
[2019/10/07 19:30:38 089] lgi        693  SYS_MSG_UNLOAD  go bg!  
[2019/10/07 19:30:39 749] lgi        697  SYS_MSG_SHUTDOWN  
============================================================
Time  2019/10/07 19:30:40 384 
============================================================
[2019/10/07 19:30:40 384] lgi        684  SYS_MSG_LOAD  
[2019/10/07 19:30:40 385] lgi        706  SYS_MSG_REGCB  msp_status_cb  func(64013690) 
[2019/10/07 19:30:40 385] lgi        298  LGI_MSG_INIT  
[2019/10/07 19:30:40 385] lgi        305  lgi  lgi_  268436457  1552287548  
[2019/10/07 19:30:40 385] lgi        347  work_dir  .  
[2019/10/07 19:30:40 385] lgi        403  token:  nil  
[2019/10/07 19:30:40 385] lgi        476  msc cver : 5.0.42.1226  
[2019/10/07 19:30:40 385] lgi        519  ns_enable=  1  
[2019/10/07 19:30:40 385] lgi        531  prot_ver=1  
[2019/10/07 19:30:40 385] lgi        542  prot_type=tcp  
[2019/10/07 19:30:40 385] lgi        693  SYS_MSG_UNLOAD  go bg!  
[2019/10/07 19:30:41 181] lgi        697  SYS_MSG_SHUTDOWN  
============================================================
Time  2019/10/07 19:41:57 498 
============================================================
[2019/10/07 19:41:57 498] lgi        684  SYS_MSG_LOAD  
[2019/10/07 19:41:57 498] lgi        706  SYS_MSG_REGCB  msp_status_cb  func(f40131e0) 
[2019/10/07 19:41:57 498] lgi        298  LGI_MSG_INIT  
[2019/10/07 19:41:57 498] lgi        305  lgi  lgi_  268436457  1552363844  
[2019/10/07 19:41:57 498] lgi        347  work_dir  .  
[2019/10/07 19:41:57 498] lgi        403  token:  nil  
[2019/10/07 19:41:57 498] lgi        476  msc cver : 5.0.42.1226  
[2019/10/07 19:41:57 498] lgi        519  ns_enable=  1  
[2019/10/07 19:41:57 498] lgi        531  prot_ver=1  
[2019/10/07 19:41:57 498] lgi        542  prot_type=tcp  
[2019/10/07 19:41:57 499] lgi        693  SYS_MSG_UNLOAD  go bg!  
[2019/10/07 19:42:12 957] lgi        697  SYS_MSG_SHUTDOWN  
============================================================
Time  2019/10/07 19:42:13 564 
============================================================
[2019/10/07 19:42:13 564] lgi        684  SYS_MSG_LOAD  
[2019/10/07 19:42:13 566] lgi        706  SYS_MSG_REGCB  msp_status_cb  func(200131e0) 
[2019/10/07 19:42:13 566] lgi        298  LGI_MSG_INIT  
[2019/10/07 19:42:13 567] lgi        305  lgi  lgi_  268436457  1552363844  
[2019/10/07 19:42:13 567] lgi        347  work_dir  .  
[2019/10/07 19:42:13 567] lgi        403  token:  nil  
[2019/10/07 19:42:13 567] lgi        476  msc cver : 5.0.42.1226  
[2019/10/07 19:42:13 567] lgi        519  ns_enable=  1  
[2019/10/07 19:42:13 567] lgi        531  prot_ver=1  
[2019/10/07 19:42:13 567] lgi        542  prot_type=tcp  
[2019/10/07 19:42:13 568] lgi        693  SYS_MSG_UNLOAD  go bg!  
[2019/10/07 19:42:15 084] lgi        697  SYS_MSG_SHUTDOWN  
============================================================
Time  2019/10/07 19:42:15 570 
============================================================
[2019/10/07 19:42:15 570] lgi        684  SYS_MSG_LOAD  
[2019/10/07 19:42:15 570] lgi        706  SYS_MSG_REGCB  msp_status_cb  func(500131e0) 
[2019/10/07 19:42:15 570] lgi        298  LGI_MSG_INIT  
[2019/10/07 19:42:15 570] lgi        305  lgi  lgi_  268436457  1552363844  
[2019/10/07 19:42:15 570] lgi        347  work_dir  .  
[2019/10/07 19:42:15 570] lgi        403  token:  nil  
[2019/10/07 19:42:15 570] lgi        476  msc cver : 5.0.42.1226  
[2019/10/07 19:42:15 570] lgi        519  ns_enable=  1  
[2019/10/07 19:42:15 570] lgi        531  prot_ver=1  
[2019/10/07 19:42:15 570] lgi        542  prot_type=tcp  
[2019/10/07 19:42:15 571] lgi        693  SYS_MSG_UNLOAD  go bg!  
[2019/10/07 19:42:16 044] lgi        697  SYS_MSG_SHUTDOWN  
============================================================
Time  2019/10/07 19:49:11 544 
============================================================
[2019/10/07 19:49:11 544] lgi        684  SYS_MSG_LOAD  
[2019/10/07 19:49:11 545] lgi        706  SYS_MSG_REGCB  msp_status_cb  func(2c013690) 
[2019/10/07 19:49:11 545] lgi        298  LGI_MSG_INIT  
[2019/10/07 19:49:11 545] lgi        305  lgi  lgi_  268436457  1552287548  
[2019/10/07 19:49:11 545] lgi        347  work_dir  .  
[2019/10/07 19:49:11 545] lgi        403  token:  nil  
[2019/10/07 19:49:11 545] lgi        476  msc cver : 5.0.42.1226  
[2019/10/07 19:49:11 545] lgi        519  ns_enable=  1  
[2019/10/07 19:49:11 545] lgi        531  prot_ver=1  
[2019/10/07 19:49:11 545] lgi        542  prot_type=tcp  
[2019/10/07 19:49:11 545] lgi        693  SYS_MSG_UNLOAD  go bg!  
[2019/10/07 19:49:12 823] lgi        697  SYS_MSG_SHUTDOWN  
============================================================
Time  2019/10/07 19:49:13 318 
============================================================
[2019/10/07 19:49:13 318] lgi        684  SYS_MSG_LOAD  
[2019/10/07 19:49:13 320] lgi        706  SYS_MSG_REGCB  msp_status_cb  func(60013690) 
[2019/10/07 19:49:13 320] lgi        298  LGI_MSG_INIT  
[2019/10/07 19:49:13 320] lgi        305  lgi  lgi_  268436457  1552287548  
[2019/10/07 19:49:13 321] lgi        347  work_dir  .  
[2019/10/07 19:49:13 321] lgi        403  token:  nil  
[2019/10/07 19:49:13 321] lgi        476  msc cver : 5.0.42.1226  
[2019/10/07 19:49:13 321] lgi        519  ns_enable=  1  
[2019/10/07 19:49:13 321] lgi        531  prot_ver=1  
[2019/10/07 19:49:13 321] lgi        542  prot_type=tcp  
[2019/10/07 19:49:13 321] lgi        693  SYS_MSG_UNLOAD  go bg!  
[2019/10/07 19:49:13 974] lgi        697  SYS_MSG_SHUTDOWN  
============================================================
Time  2019/10/07 19:49:14 409 
============================================================
[2019/10/07 19:49:14 409] lgi        684  SYS_MSG_LOAD  
[2019/10/07 19:49:14 409] lgi        706  SYS_MSG_REGCB  msp_status_cb  func(e4013690) 
[2019/10/07 19:49:14 410] lgi        298  LGI_MSG_INIT  
[2019/10/07 19:49:14 410] lgi        305  lgi  lgi_  268436457  1552287548  
[2019/10/07 19:49:14 410] lgi        347  work_dir  .  
[2019/10/07 19:49:14 410] lgi        403  token:  nil  
[2019/10/07 19:49:14 410] lgi        476  msc cver : 5.0.42.1226  
[2019/10/07 19:49:14 410] lgi        519  ns_enable=  1  
[2019/10/07 19:49:14 410] lgi        531  prot_ver=1  
[2019/10/07 19:49:14 410] lgi        542  prot_type=tcp  
[2019/10/07 19:49:14 410] lgi        693  SYS_MSG_UNLOAD  go bg!  
[2019/10/07 19:49:14 893] lgi        697  SYS_MSG_SHUTDOWN  
============================================================
Time  2019/10/07 19:49:15 281 
============================================================
[2019/10/07 19:49:15 281] lgi        684  SYS_MSG_LOAD  
[2019/10/07 19:49:15 281] lgi        706  SYS_MSG_REGCB  msp_status_cb  func(f00136b0) 
[2019/10/07 19:49:15 282] lgi        298  LGI_MSG_INIT  
[2019/10/07 19:49:15 282] lgi        305  lgi  lgi_  268436457  1552287548  
[2019/10/07 19:49:15 282] lgi        347  work_dir  .  
[2019/10/07 19:49:15 282] lgi        403  token:  nil  
[2019/10/07 19:49:15 282] lgi        476  msc cver : 5.0.42.1226  
[2019/10/07 19:49:15 282] lgi        519  ns_enable=  1  
[2019/10/07 19:49:15 282] lgi        531  prot_ver=1  
[2019/10/07 19:49:15 282] lgi        542  prot_type=tcp  
[2019/10/07 19:49:15 282] lgi        693  SYS_MSG_UNLOAD  go bg!  
[2019/10/07 19:49:16 021] lgi        697  SYS_MSG_SHUTDOWN  
============================================================
Time  2019/10/07 21:35:29 271 
============================================================
[2019/10/07 21:35:29 271] lgi        684  SYS_MSG_LOAD  
[2019/10/07 21:35:29 273] lgi        706  SYS_MSG_REGCB  msp_status_cb  func(c00136b0) 
[2019/10/07 21:35:29 273] lgi        298  LGI_MSG_INIT  
[2019/10/07 21:35:29 273] lgi        305  lgi  lgi_  268436457  1552287548  
[2019/10/07 21:35:29 273] lgi        347  work_dir  .  
[2019/10/07 21:35:29 273] lgi        403  token:  nil  
[2019/10/07 21:35:29 274] lgi        476  msc cver : 5.0.42.1226  
[2019/10/07 21:35:29 274] lgi        519  ns_enable=  1  
[2019/10/07 21:35:29 274] lgi        531  prot_ver=1  
[2019/10/07 21:35:29 274] lgi        542  prot_type=tcp  
[2019/10/07 21:35:29 274] lgi        693  SYS_MSG_UNLOAD  go bg!  
[2019/10/07 21:35:30 114] lgi        697  SYS_MSG_SHUTDOWN  
============================================================
Time  2019/10/07 21:35:30 562 
============================================================
[2019/10/07 21:35:30 562] lgi        684  SYS_MSG_LOAD  
[2019/10/07 21:35:30 564] lgi        706  SYS_MSG_REGCB  msp_status_cb  func(d40136b0) 
[2019/10/07 21:35:30 565] lgi        298  LGI_MSG_INIT  
[2019/10/07 21:35:30 565] lgi        305  lgi  lgi_  268436457  1552287548  
[2019/10/07 21:35:30 565] lgi        347  work_dir  .  
[2019/10/07 21:35:30 565] lgi        403  token:  nil  
[2019/10/07 21:35:30 565] lgi        476  msc cver : 5.0.42.1226  
[2019/10/07 21:35:30 565] lgi        519  ns_enable=  1  
[2019/10/07 21:35:30 565] lgi        531  prot_ver=1  
[2019/10/07 21:35:30 565] lgi        542  prot_type=tcp  
[2019/10/07 21:35:30 566] lgi        693  SYS_MSG_UNLOAD  go bg!  
[2019/10/07 21:35:31 386] lgi        697  SYS_MSG_SHUTDOWN  
============================================================
Time  2019/10/07 21:35:31 790 
============================================================
[2019/10/07 21:35:31 790] lgi        684  SYS_MSG_LOAD  
[2019/10/07 21:35:31 792] lgi        706  SYS_MSG_REGCB  msp_status_cb  func(bc0532c0) 
[2019/10/07 21:35:31 792] lgi        298  LGI_MSG_INIT  
[2019/10/07 21:35:31 792] lgi        305  lgi  lgi_  268436457  1552287548  
[2019/10/07 21:35:31 792] lgi        347  work_dir  .  
[2019/10/07 21:35:31 792] lgi        403  token:  nil  
[2019/10/07 21:35:31 792] lgi        476  msc cver : 5.0.42.1226  
[2019/10/07 21:35:31 793] lgi        519  ns_enable=  1  
[2019/10/07 21:35:31 793] lgi        531  prot_ver=1  
[2019/10/07 21:35:31 793] lgi        542  prot_type=tcp  
[2019/10/07 21:35:31 793] lgi        693  SYS_MSG_UNLOAD  go bg!  
[2019/10/07 21:35:32 500] lgi        697  SYS_MSG_SHUTDOWN  
============================================================
Time  2019/10/07 21:35:32 822 
============================================================
[2019/10/07 21:35:32 822] lgi        684  SYS_MSG_LOAD  
[2019/10/07 21:35:32 824] lgi        706  SYS_MSG_REGCB  msp_status_cb  func(a4013690) 
[2019/10/07 21:35:32 824] lgi        298  LGI_MSG_INIT  
[2019/10/07 21:35:32 824] lgi        305  lgi  lgi_  268436457  1552287548  
[2019/10/07 21:35:32 825] lgi        347  work_dir  .  
[2019/10/07 21:35:32 825] lgi        403  token:  nil  
[2019/10/07 21:35:32 825] lgi        476  msc cver : 5.0.42.1226  
[2019/10/07 21:35:32 825] lgi        519  ns_enable=  1  
[2019/10/07 21:35:32 825] lgi        531  prot_ver=1  
[2019/10/07 21:35:32 825] lgi        542  prot_type=tcp  
[2019/10/07 21:35:32 826] lgi        693  SYS_MSG_UNLOAD  go bg!  
[2019/10/07 21:35:33 067] lgi        697  SYS_MSG_SHUTDOWN  
============================================================
Time  2019/10/07 21:35:33 472 
============================================================
[2019/10/07 21:35:33 472] lgi        684  SYS_MSG_LOAD  
[2019/10/07 21:35:33 474] lgi        706  SYS_MSG_REGCB  msp_status_cb  func(dc0136b0) 
[2019/10/07 21:35:33 474] lgi        298  LGI_MSG_INIT  
[2019/10/07 21:35:33 474] lgi        305  lgi  lgi_  268436457  1552287548  
[2019/10/07 21:35:33 474] lgi        347  work_dir  .  
[2019/10/07 21:35:33 475] lgi        403  token:  nil  
[2019/10/07 21:35:33 475] lgi        476  msc cver : 5.0.42.1226  
[2019/10/07 21:35:33 475] lgi        519  ns_enable=  1  
[2019/10/07 21:35:33 475] lgi        531  prot_ver=1  
[2019/10/07 21:35:33 475] lgi        542  prot_type=tcp  
[2019/10/07 21:35:33 476] lgi        693  SYS_MSG_UNLOAD  go bg!  
[2019/10/07 21:35:33 712] lgi        697  SYS_MSG_SHUTDOWN  
============================================================
Time  2019/10/07 21:35:34 406 
============================================================
[2019/10/07 21:35:34 406] lgi        684  SYS_MSG_LOAD  
[2019/10/07 21:35:34 408] lgi        706  SYS_MSG_REGCB  msp_status_cb  func(900136b0) 
[2019/10/07 21:35:34 408] lgi        298  LGI_MSG_INIT  
[2019/10/07 21:35:34 409] lgi        305  lgi  lgi_  268436457  1552287548  
[2019/10/07 21:35:34 409] lgi        347  work_dir  .  
[2019/10/07 21:35:34 409] lgi        403  token:  nil  
[2019/10/07 21:35:34 409] lgi        476  msc cver : 5.0.42.1226  
[2019/10/07 21:35:34 409] lgi        519  ns_enable=  1  
[2019/10/07 21:35:34 409] lgi        531  prot_ver=1  
[2019/10/07 21:35:34 409] lgi        542  prot_type=tcp  
[2019/10/07 21:35:34 410] lgi        693  SYS_MSG_UNLOAD  go bg!  
[2019/10/07 21:35:34 852] lgi        697  SYS_MSG_SHUTDOWN  
============================================================
Time  2019/10/07 21:35:35 830 
============================================================
[2019/10/07 21:35:35 830] lgi        684  SYS_MSG_LOAD  
[2019/10/07 21:35:35 832] lgi        706  SYS_MSG_REGCB  msp_status_cb  func(d0013690) 
[2019/10/07 21:35:35 832] lgi        298  LGI_MSG_INIT  
[2019/10/07 21:35:35 832] lgi        305  lgi  lgi_  268436457  1552287548  
[2019/10/07 21:35:35 833] lgi        347  work_dir  .  
[2019/10/07 21:35:35 833] lgi        403  token:  nil  
[2019/10/07 21:35:35 833] lgi        476  msc cver : 5.0.42.1226  
[2019/10/07 21:35:35 833] lgi        519  ns_enable=  1  
[2019/10/07 21:35:35 833] lgi        531  prot_ver=1  
[2019/10/07 21:35:35 833] lgi        542  prot_type=tcp  
[2019/10/07 21:35:35 836] lgi        693  SYS_MSG_UNLOAD  go bg!  
[2019/10/07 21:35:38 012] lgi        697  SYS_MSG_SHUTDOWN  
============================================================
Time  2019/10/07 21:35:39 992 
============================================================
[2019/10/07 21:35:39 992] lgi        684  SYS_MSG_LOAD  
[2019/10/07 21:35:39 994] lgi        706  SYS_MSG_REGCB  msp_status_cb  func(d40532d0) 
[2019/10/07 21:35:39 994] lgi        298  LGI_MSG_INIT  
[2019/10/07 21:35:39 994] lgi        305  lgi  lgi_  268436457  1552287548  
[2019/10/07 21:35:39 994] lgi        347  work_dir  .  
[2019/10/07 21:35:39 994] lgi        403  token:  nil  
[2019/10/07 21:35:39 995] lgi        476  msc cver : 5.0.42.1226  
[2019/10/07 21:35:39 995] lgi        519  ns_enable=  1  
[2019/10/07 21:35:39 995] lgi        531  prot_ver=1  
[2019/10/07 21:35:39 995] lgi        542  prot_type=tcp  
[2019/10/07 21:35:39 995] lgi        693  SYS_MSG_UNLOAD  go bg!  
[2019/10/07 21:35:40 898] lgi        697  SYS_MSG_SHUTDOWN  
============================================================
Time  2019/10/07 21:35:41 728 
============================================================
[2019/10/07 21:35:41 728] lgi        684  SYS_MSG_LOAD  
[2019/10/07 21:35:41 730] lgi        706  SYS_MSG_REGCB  msp_status_cb  func(1c0136b0) 
[2019/10/07 21:35:41 731] lgi        298  LGI_MSG_INIT  
[2019/10/07 21:35:41 731] lgi        305  lgi  lgi_  268436457  1552287548  
[2019/10/07 21:35:41 732] lgi        347  work_dir  .  
[2019/10/07 21:35:41 732] lgi        403  token:  nil  
[2019/10/07 21:35:41 732] lgi        476  msc cver : 5.0.42.1226  
[2019/10/07 21:35:41 732] lgi        519  ns_enable=  1  
[2019/10/07 21:35:41 732] lgi        531  prot_ver=1  
[2019/10/07 21:35:41 732] lgi        542  prot_type=tcp  
[2019/10/07 21:35:41 733] lgi        693  SYS_MSG_UNLOAD  go bg!  
[2019/10/07 21:35:41 967] lgi        697  SYS_MSG_SHUTDOWN  
============================================================
Time  2019/10/07 21:35:43 054 
============================================================
[2019/10/07 21:35:43 054] lgi        684  SYS_MSG_LOAD  
[2019/10/07 21:35:43 057] lgi        706  SYS_MSG_REGCB  msp_status_cb  func(84013690) 
[2019/10/07 21:35:43 057] lgi        298  LGI_MSG_INIT  
[2019/10/07 21:35:43 057] lgi        305  lgi  lgi_  268436457  1552287548  
[2019/10/07 21:35:43 058] lgi        347  work_dir  .  
[2019/10/07 21:35:43 058] lgi        403  token:  nil  
[2019/10/07 21:35:43 058] lgi        476  msc cver : 5.0.42.1226  
[2019/10/07 21:35:43 058] lgi        519  ns_enable=  1  
[2019/10/07 21:35:43 058] lgi        531  prot_ver=1  
[2019/10/07 21:35:43 058] lgi        542  prot_type=tcp  
[2019/10/07 21:35:43 059] lgi        693  SYS_MSG_UNLOAD  go bg!  
[2019/10/07 21:35:43 302] lgi        697  SYS_MSG_SHUTDOWN  
============================================================
Time  2019/10/07 21:35:44 244 
============================================================
[2019/10/07 21:35:44 245] lgi        684  SYS_MSG_LOAD  
[2019/10/07 21:35:44 246] lgi        706  SYS_MSG_REGCB  msp_status_cb  func(48013690) 
[2019/10/07 21:35:44 247] lgi        298  LGI_MSG_INIT  
[2019/10/07 21:35:44 247] lgi        305  lgi  lgi_  268436457  1552287548  
[2019/10/07 21:35:44 247] lgi        347  work_dir  .  
[2019/10/07 21:35:44 247] lgi        403  token:  nil  
[2019/10/07 21:35:44 247] lgi        476  msc cver : 5.0.42.1226  
[2019/10/07 21:35:44 247] lgi        519  ns_enable=  1  
[2019/10/07 21:35:44 248] lgi        531  prot_ver=1  
[2019/10/07 21:35:44 248] lgi        542  prot_type=tcp  
[2019/10/07 21:35:44 248] lgi        693  SYS_MSG_UNLOAD  go bg!  
[2019/10/07 21:35:44 482] lgi        697  SYS_MSG_SHUTDOWN  
============================================================
Time  2019/10/07 21:35:45 222 
============================================================
[2019/10/07 21:35:45 222] lgi        684  SYS_MSG_LOAD  
[2019/10/07 21:35:45 225] lgi        706  SYS_MSG_REGCB  msp_status_cb  func(f4013690) 
[2019/10/07 21:35:45 225] lgi        298  LGI_MSG_INIT  
[2019/10/07 21:35:45 225] lgi        305  lgi  lgi_  268436457  1552287548  
[2019/10/07 21:35:45 225] lgi        347  work_dir  .  
[2019/10/07 21:35:45 226] lgi        403  token:  nil  
[2019/10/07 21:35:45 226] lgi        476  msc cver : 5.0.42.1226  
[2019/10/07 21:35:45 226] lgi        519  ns_enable=  1  
[2019/10/07 21:35:45 226] lgi        531  prot_ver=1  
[2019/10/07 21:35:45 226] lgi        542  prot_type=tcp  
[2019/10/07 21:35:45 227] lgi        693  SYS_MSG_UNLOAD  go bg!  
[2019/10/07 21:35:45 451] lgi        697  SYS_MSG_SHUTDOWN  
============================================================
Time  2019/10/07 21:35:46 174 
============================================================
[2019/10/07 21:35:46 174] lgi        684  SYS_MSG_LOAD  
[2019/10/07 21:35:46 176] lgi        706  SYS_MSG_REGCB  msp_status_cb  func(c013690) 
[2019/10/07 21:35:46 176] lgi        298  LGI_MSG_INIT  
[2019/10/07 21:35:46 176] lgi        305  lgi  lgi_  268436457  1552287548  
[2019/10/07 21:35:46 176] lgi        347  work_dir  .  
[2019/10/07 21:35:46 177] lgi        403  token:  nil  
[2019/10/07 21:35:46 177] lgi        476  msc cver : 5.0.42.1226  
[2019/10/07 21:35:46 177] lgi        519  ns_enable=  1  
[2019/10/07 21:35:46 177] lgi        531  prot_ver=1  
[2019/10/07 21:35:46 177] lgi        542  prot_type=tcp  
[2019/10/07 21:35:46 178] lgi        693  SYS_MSG_UNLOAD  go bg!  
[2019/10/07 21:35:46 410] lgi        697  SYS_MSG_SHUTDOWN  
============================================================
Time  2019/10/07 21:35:47 150 
============================================================
[2019/10/07 21:35:47 150] lgi        684  SYS_MSG_LOAD  
[2019/10/07 21:35:47 152] lgi        706  SYS_MSG_REGCB  msp_status_cb  func(a8013690) 
[2019/10/07 21:35:47 152] lgi        298  LGI_MSG_INIT  
[2019/10/07 21:35:47 152] lgi        305  lgi  lgi_  268436457  1552287548  
[2019/10/07 21:35:47 153] lgi        347  work_dir  .  
[2019/10/07 21:35:47 153] lgi        403  token:  nil  
[2019/10/07 21:35:47 153] lgi        476  msc cver : 5.0.42.1226  
[2019/10/07 21:35:47 153] lgi        519  ns_enable=  1  
[2019/10/07 21:35:47 153] lgi        531  prot_ver=1  
[2019/10/07 21:35:47 153] lgi        542  prot_type=tcp  
[2019/10/07 21:35:47 154] lgi        693  SYS_MSG_UNLOAD  go bg!  
[2019/10/07 21:35:47 384] lgi        697  SYS_MSG_SHUTDOWN  
============================================================
Time  2019/10/07 21:35:48 088 
============================================================
[2019/10/07 21:35:48 088] lgi        684  SYS_MSG_LOAD  
[2019/10/07 21:35:48 090] lgi        706  SYS_MSG_REGCB  msp_status_cb  func(18013690) 
[2019/10/07 21:35:48 091] lgi        298  LGI_MSG_INIT  
[2019/10/07 21:35:48 091] lgi        305  lgi  lgi_  268436457  1552287548  
[2019/10/07 21:35:48 091] lgi        347  work_dir  .  
[2019/10/07 21:35:48 091] lgi        403  token:  nil  
[2019/10/07 21:35:48 091] lgi        476  msc cver : 5.0.42.1226  
[2019/10/07 21:35:48 091] lgi        519  ns_enable=  1  
[2019/10/07 21:35:48 092] lgi        531  prot_ver=1  
[2019/10/07 21:35:48 092] lgi        542  prot_type=tcp  
[2019/10/07 21:35:48 093] lgi        693  SYS_MSG_UNLOAD  go bg!  
[2019/10/07 21:35:48 336] lgi        697  SYS_MSG_SHUTDOWN  
============================================================
Time  2019/10/07 21:35:49 095 
============================================================
[2019/10/07 21:35:49 095] lgi        684  SYS_MSG_LOAD  
[2019/10/07 21:35:49 097] lgi        706  SYS_MSG_REGCB  msp_status_cb  func(900136b0) 
[2019/10/07 21:35:49 098] lgi        298  LGI_MSG_INIT  
[2019/10/07 21:35:49 098] lgi        305  lgi  lgi_  268436457  1552287548  
[2019/10/07 21:35:49 098] lgi        347  work_dir  .  
[2019/10/07 21:35:49 098] lgi        403  token:  nil  
[2019/10/07 21:35:49 098] lgi        476  msc cver : 5.0.42.1226  
[2019/10/07 21:35:49 098] lgi        519  ns_enable=  1  
[2019/10/07 21:35:49 098] lgi        531  prot_ver=1  
[2019/10/07 21:35:49 098] lgi        542  prot_type=tcp  
[2019/10/07 21:35:49 099] lgi        693  SYS_MSG_UNLOAD  go bg!  
[2019/10/07 21:35:49 333] lgi        697  SYS_MSG_SHUTDOWN  
============================================================
Time  2019/10/07 21:35:50 017 
============================================================
[2019/10/07 21:35:50 017] lgi        684  SYS_MSG_LOAD  
[2019/10/07 21:35:50 019] lgi        706  SYS_MSG_REGCB  msp_status_cb  func(44013690) 
[2019/10/07 21:35:50 019] lgi        298  LGI_MSG_INIT  
[2019/10/07 21:35:50 019] lgi        305  lgi  lgi_  268436457  1552287548  
[2019/10/07 21:35:50 020] lgi        347  work_dir  .  
[2019/10/07 21:35:50 020] lgi        403  token:  nil  
[2019/10/07 21:35:50 020] lgi        476  msc cver : 5.0.42.1226  
[2019/10/07 21:35:50 020] lgi        519  ns_enable=  1  
[2019/10/07 21:35:50 020] lgi        531  prot_ver=1  
[2019/10/07 21:35:50 020] lgi        542  prot_type=tcp  
[2019/10/07 21:35:50 021] lgi        693  SYS_MSG_UNLOAD  go bg!  
[2019/10/07 21:35:50 246] lgi        697  SYS_MSG_SHUTDOWN  
============================================================
Time  2019/10/07 21:35:50 814 
============================================================
[2019/10/07 21:35:50 814] lgi        684  SYS_MSG_LOAD  
[2019/10/07 21:35:50 816] lgi        706  SYS_MSG_REGCB  msp_status_cb  func(f00136b0) 
[2019/10/07 21:35:50 816] lgi        298  LGI_MSG_INIT  
[2019/10/07 21:35:50 816] lgi        305  lgi  lgi_  268436457  1552287548  
[2019/10/07 21:35:50 816] lgi        347  work_dir  .  
[2019/10/07 21:35:50 816] lgi        403  token:  nil  
[2019/10/07 21:35:50 816] lgi        476  msc cver : 5.0.42.1226  
[2019/10/07 21:35:50 817] lgi        519  ns_enable=  1  
[2019/10/07 21:35:50 817] lgi        531  prot_ver=1  
[2019/10/07 21:35:50 817] lgi        542  prot_type=tcp  
[2019/10/07 21:35:50 817] lgi        693  SYS_MSG_UNLOAD  go bg!  
[2019/10/07 21:35:51 706] lgi        697  SYS_MSG_SHUTDOWN  
============================================================
Time  2019/10/07 21:38:15 678 
============================================================
[2019/10/07 21:38:15 678] lgi        684  SYS_MSG_LOAD  
[2019/10/07 21:38:15 681] lgi        706  SYS_MSG_REGCB  msp_status_cb  func(c0013690) 
[2019/10/07 21:38:15 681] lgi        298  LGI_MSG_INIT  
[2019/10/07 21:38:15 681] lgi        305  lgi  lgi_  268436457  1552287548  
[2019/10/07 21:38:15 681] lgi        347  work_dir  .  
[2019/10/07 21:38:15 681] lgi        403  token:  nil  
[2019/10/07 21:38:15 682] lgi        476  msc cver : 5.0.42.1226  
[2019/10/07 21:38:15 682] lgi        519  ns_enable=  1  
[2019/10/07 21:38:15 682] lgi        531  prot_ver=1  
[2019/10/07 21:38:15 682] lgi        542  prot_type=tcp  
[2019/10/07 21:38:15 682] lgi        693  SYS_MSG_UNLOAD  go bg!  
[2019/10/07 21:38:16 938] lgi        697  SYS_MSG_SHUTDOWN  
============================================================
Time  2019/10/07 21:38:17 726 
============================================================
[2019/10/07 21:38:17 726] lgi        684  SYS_MSG_LOAD  
[2019/10/07 21:38:17 728] lgi        706  SYS_MSG_REGCB  msp_status_cb  func(1c0532a0) 
[2019/10/07 21:38:17 729] lgi        298  LGI_MSG_INIT  
[2019/10/07 21:38:17 729] lgi        305  lgi  lgi_  268436457  1552287548  
[2019/10/07 21:38:17 730] lgi        347  work_dir  .  
[2019/10/07 21:38:17 730] lgi        403  token:  nil  
[2019/10/07 21:38:17 730] lgi        476  msc cver : 5.0.42.1226  
[2019/10/07 21:38:17 730] lgi        519  ns_enable=  1  
[2019/10/07 21:38:17 730] lgi        531  prot_ver=1  
[2019/10/07 21:38:17 730] lgi        542  prot_type=tcp  
[2019/10/07 21:38:17 731] lgi        693  SYS_MSG_UNLOAD  go bg!  
[2019/10/07 21:38:17 971] lgi        697  SYS_MSG_SHUTDOWN  
============================================================
Time  2019/10/07 21:38:18 768 
============================================================
[2019/10/07 21:38:18 768] lgi        684  SYS_MSG_LOAD  
[2019/10/07 21:38:18 770] lgi        706  SYS_MSG_REGCB  msp_status_cb  func(fc0532b0) 
[2019/10/07 21:38:18 770] lgi        298  LGI_MSG_INIT  
[2019/10/07 21:38:18 771] lgi        305  lgi  lgi_  268436457  1552287548  
[2019/10/07 21:38:18 771] lgi        347  work_dir  .  
[2019/10/07 21:38:18 771] lgi        403  token:  nil  
[2019/10/07 21:38:18 771] lgi        476  msc cver : 5.0.42.1226  
[2019/10/07 21:38:18 771] lgi        519  ns_enable=  1  
[2019/10/07 21:38:18 771] lgi        531  prot_ver=1  
[2019/10/07 21:38:18 771] lgi        542  prot_type=tcp  
[2019/10/07 21:38:18 772] lgi        693  SYS_MSG_UNLOAD  go bg!  
[2019/10/07 21:38:19 721] lgi        697  SYS_MSG_SHUTDOWN  
============================================================
Time  2019/10/07 21:38:20 055 
============================================================
[2019/10/07 21:38:20 055] lgi        684  SYS_MSG_LOAD  
[2019/10/07 21:38:20 057] lgi        706  SYS_MSG_REGCB  msp_status_cb  func(84013690) 
[2019/10/07 21:38:20 057] lgi        298  LGI_MSG_INIT  
[2019/10/07 21:38:20 057] lgi        305  lgi  lgi_  268436457  1552287548  
[2019/10/07 21:38:20 057] lgi        347  work_dir  .  
[2019/10/07 21:38:20 057] lgi        403  token:  nil  
[2019/10/07 21:38:20 057] lgi        476  msc cver : 5.0.42.1226  
[2019/10/07 21:38:20 057] lgi        519  ns_enable=  1  
[2019/10/07 21:38:20 057] lgi        531  prot_ver=1  
[2019/10/07 21:38:20 057] lgi        542  prot_type=tcp  
[2019/10/07 21:38:20 058] lgi        693  SYS_MSG_UNLOAD  go bg!  
[2019/10/07 21:38:20 772] lgi        697  SYS_MSG_SHUTDOWN  
============================================================
Time  2019/10/07 21:38:21 213 
============================================================
[2019/10/07 21:38:21 213] lgi        684  SYS_MSG_LOAD  
[2019/10/07 21:38:21 215] lgi        706  SYS_MSG_REGCB  msp_status_cb  func(d0013690) 
[2019/10/07 21:38:21 216] lgi        298  LGI_MSG_INIT  
[2019/10/07 21:38:21 216] lgi        305  lgi  lgi_  268436457  1552287548  
[2019/10/07 21:38:21 216] lgi        347  work_dir  .  
[2019/10/07 21:38:21 216] lgi        403  token:  nil  
[2019/10/07 21:38:21 216] lgi        476  msc cver : 5.0.42.1226  
[2019/10/07 21:38:21 217] lgi        519  ns_enable=  1  
[2019/10/07 21:38:21 217] lgi        531  prot_ver=1  
[2019/10/07 21:38:21 217] lgi        542  prot_type=tcp  
[2019/10/07 21:38:21 217] lgi        693  SYS_MSG_UNLOAD  go bg!  
[2019/10/07 21:38:21 440] lgi        697  SYS_MSG_SHUTDOWN  
============================================================
Time  2019/10/07 21:38:22 576 
============================================================
[2019/10/07 21:38:22 576] lgi        684  SYS_MSG_LOAD  
[2019/10/07 21:38:22 577] lgi        706  SYS_MSG_REGCB  msp_status_cb  func(a00136b0) 
[2019/10/07 21:38:22 577] lgi        298  LGI_MSG_INIT  
[2019/10/07 21:38:22 577] lgi        305  lgi  lgi_  268436457  1552287548  
[2019/10/07 21:38:22 577] lgi        347  work_dir  .  
[2019/10/07 21:38:22 577] lgi        403  token:  nil  
[2019/10/07 21:38:22 577] lgi        476  msc cver : 5.0.42.1226  
[2019/10/07 21:38:22 577] lgi        519  ns_enable=  1  
[2019/10/07 21:38:22 577] lgi        531  prot_ver=1  
[2019/10/07 21:38:22 577] lgi        542  prot_type=tcp  
[2019/10/07 21:38:22 578] lgi        693  SYS_MSG_UNLOAD  go bg!  
[2019/10/07 21:38:22 806] lgi        697  SYS_MSG_SHUTDOWN  
============================================================
Time  2019/10/07 21:38:23 767 
============================================================
[2019/10/07 21:38:23 767] lgi        684  SYS_MSG_LOAD  
[2019/10/07 21:38:23 769] lgi        706  SYS_MSG_REGCB  msp_status_cb  func(bc013690) 
[2019/10/07 21:38:23 769] lgi        298  LGI_MSG_INIT  
[2019/10/07 21:38:23 769] lgi        305  lgi  lgi_  268436457  1552287548  
[2019/10/07 21:38:23 770] lgi        347  work_dir  .  
[2019/10/07 21:38:23 770] lgi        403  token:  nil  
[2019/10/07 21:38:23 770] lgi        476  msc cver : 5.0.42.1226  
[2019/10/07 21:38:23 770] lgi        519  ns_enable=  1  
[2019/10/07 21:38:23 770] lgi        531  prot_ver=1  
[2019/10/07 21:38:23 770] lgi        542  prot_type=tcp  
[2019/10/07 21:38:23 771] lgi        693  SYS_MSG_UNLOAD  go bg!  
[2019/10/07 21:38:24 020] lgi        697  SYS_MSG_SHUTDOWN  
============================================================
Time  2019/10/07 21:38:25 317 
============================================================
[2019/10/07 21:38:25 317] lgi        684  SYS_MSG_LOAD  
[2019/10/07 21:38:25 320] lgi        706  SYS_MSG_REGCB  msp_status_cb  func(600532b0) 
[2019/10/07 21:38:25 320] lgi        298  LGI_MSG_INIT  
[2019/10/07 21:38:25 320] lgi        305  lgi  lgi_  268436457  1552287548  
[2019/10/07 21:38:25 320] lgi        347  work_dir  .  
[2019/10/07 21:38:25 321] lgi        403  token:  nil  
[2019/10/07 21:38:25 321] lgi        476  msc cver : 5.0.42.1226  
[2019/10/07 21:38:25 321] lgi        519  ns_enable=  1  
[2019/10/07 21:38:25 321] lgi        531  prot_ver=1  
[2019/10/07 21:38:25 321] lgi        542  prot_type=tcp  
[2019/10/07 21:38:25 321] lgi        693  SYS_MSG_UNLOAD  go bg!  
[2019/10/07 21:38:26 202] lgi        697  SYS_MSG_SHUTDOWN  
============================================================
Time  2019/10/07 21:38:26 791 
============================================================
[2019/10/07 21:38:26 791] lgi        684  SYS_MSG_LOAD  
[2019/10/07 21:38:26 793] lgi        706  SYS_MSG_REGCB  msp_status_cb  func(60013690) 
[2019/10/07 21:38:26 793] lgi        298  LGI_MSG_INIT  
[2019/10/07 21:38:26 793] lgi        305  lgi  lgi_  268436457  1552287548  
[2019/10/07 21:38:26 794] lgi        347  work_dir  .  
[2019/10/07 21:38:26 794] lgi        403  token:  nil  
[2019/10/07 21:38:26 794] lgi        476  msc cver : 5.0.42.1226  
[2019/10/07 21:38:26 794] lgi        519  ns_enable=  1  
[2019/10/07 21:38:26 794] lgi        531  prot_ver=1  
[2019/10/07 21:38:26 794] lgi        542  prot_type=tcp  
[2019/10/07 21:38:26 795] lgi        693  SYS_MSG_UNLOAD  go bg!  
[2019/10/07 21:38:27 625] lgi        697  SYS_MSG_SHUTDOWN  
============================================================
Time  2019/10/07 21:38:28 044 
============================================================
[2019/10/07 21:38:28 044] lgi        684  SYS_MSG_LOAD  
[2019/10/07 21:38:28 046] lgi        706  SYS_MSG_REGCB  msp_status_cb  func(bc013690) 
[2019/10/07 21:38:28 047] lgi        298  LGI_MSG_INIT  
[2019/10/07 21:38:28 047] lgi        305  lgi  lgi_  268436457  1552287548  
[2019/10/07 21:38:28 047] lgi        347  work_dir  .  
[2019/10/07 21:38:28 047] lgi        403  token:  nil  
[2019/10/07 21:38:28 047] lgi        476  msc cver : 5.0.42.1226  
[2019/10/07 21:38:28 047] lgi        519  ns_enable=  1  
[2019/10/07 21:38:28 047] lgi        531  prot_ver=1  
[2019/10/07 21:38:28 048] lgi        542  prot_type=tcp  
[2019/10/07 21:38:28 048] lgi        693  SYS_MSG_UNLOAD  go bg!  
[2019/10/07 21:38:28 802] lgi        697  SYS_MSG_SHUTDOWN  
============================================================
Time  2019/10/07 21:38:29 311 
============================================================
[2019/10/07 21:38:29 311] lgi        684  SYS_MSG_LOAD  
[2019/10/07 21:38:29 313] lgi        706  SYS_MSG_REGCB  msp_status_cb  func(dc013690) 
[2019/10/07 21:38:29 313] lgi        298  LGI_MSG_INIT  
[2019/10/07 21:38:29 313] lgi        305  lgi  lgi_  268436457  1552287548  
[2019/10/07 21:38:29 313] lgi        347  work_dir  .  
[2019/10/07 21:38:29 314] lgi        403  token:  nil  
[2019/10/07 21:38:29 314] lgi        476  msc cver : 5.0.42.1226  
[2019/10/07 21:38:29 314] lgi        519  ns_enable=  1  
[2019/10/07 21:38:29 314] lgi        531  prot_ver=1  
[2019/10/07 21:38:29 314] lgi        542  prot_type=tcp  
[2019/10/07 21:38:29 315] lgi        693  SYS_MSG_UNLOAD  go bg!  
[2019/10/07 21:38:29 548] lgi        697  SYS_MSG_SHUTDOWN  
============================================================
Time  2019/10/07 21:38:30 097 
============================================================
[2019/10/07 21:38:30 097] lgi        684  SYS_MSG_LOAD  
[2019/10/07 21:38:30 099] lgi        706  SYS_MSG_REGCB  msp_status_cb  func(40013690) 
[2019/10/07 21:38:30 100] lgi        298  LGI_MSG_INIT  
[2019/10/07 21:38:30 100] lgi        305  lgi  lgi_  268436457  1552287548  
[2019/10/07 21:38:30 100] lgi        347  work_dir  .  
[2019/10/07 21:38:30 100] lgi        403  token:  nil  
[2019/10/07 21:38:30 100] lgi        476  msc cver : 5.0.42.1226  
[2019/10/07 21:38:30 100] lgi        519  ns_enable=  1  
[2019/10/07 21:38:30 101] lgi        531  prot_ver=1  
[2019/10/07 21:38:30 101] lgi        542  prot_type=tcp  
[2019/10/07 21:38:30 101] lgi        693  SYS_MSG_UNLOAD  go bg!  
[2019/10/07 21:38:30 347] lgi        697  SYS_MSG_SHUTDOWN  
============================================================
Time  2019/10/07 21:38:31 774 
============================================================
[2019/10/07 21:38:31 774] lgi        684  SYS_MSG_LOAD  
[2019/10/07 21:38:31 776] lgi        706  SYS_MSG_REGCB  msp_status_cb  func(4c0532a0) 
[2019/10/07 21:38:31 777] lgi        298  LGI_MSG_INIT  
[2019/10/07 21:38:31 777] lgi        305  lgi  lgi_  268436457  1552287548  
[2019/10/07 21:38:31 777] lgi        347  work_dir  .  
[2019/10/07 21:38:31 777] lgi        403  token:  nil  
[2019/10/07 21:38:31 777] lgi        476  msc cver : 5.0.42.1226  
[2019/10/07 21:38:31 777] lgi        519  ns_enable=  1  
[2019/10/07 21:38:31 777] lgi        531  prot_ver=1  
[2019/10/07 21:38:31 777] lgi        542  prot_type=tcp  
[2019/10/07 21:38:31 778] lgi        693  SYS_MSG_UNLOAD  go bg!  
[2019/10/07 21:38:32 019] lgi        697  SYS_MSG_SHUTDOWN  
============================================================
Time  2019/10/07 21:38:33 044 
============================================================
[2019/10/07 21:38:33 044] lgi        684  SYS_MSG_LOAD  
[2019/10/07 21:38:33 045] lgi        706  SYS_MSG_REGCB  msp_status_cb  func(18053290) 
[2019/10/07 21:38:33 046] lgi        298  LGI_MSG_INIT  
[2019/10/07 21:38:33 046] lgi        305  lgi  lgi_  268436457  1552287548  
[2019/10/07 21:38:33 046] lgi        347  work_dir  .  
[2019/10/07 21:38:33 046] lgi        403  token:  nil  
[2019/10/07 21:38:33 046] lgi        476  msc cver : 5.0.42.1226  
[2019/10/07 21:38:33 046] lgi        519  ns_enable=  1  
[2019/10/07 21:38:33 047] lgi        531  prot_ver=1  
[2019/10/07 21:38:33 047] lgi        542  prot_type=tcp  
[2019/10/07 21:38:33 047] lgi        693  SYS_MSG_UNLOAD  go bg!  
[2019/10/07 21:38:33 285] lgi        697  SYS_MSG_SHUTDOWN  
============================================================
Time  2019/10/07 21:38:34 506 
============================================================
[2019/10/07 21:38:34 506] lgi        684  SYS_MSG_LOAD  
[2019/10/07 21:38:34 507] lgi        706  SYS_MSG_REGCB  msp_status_cb  func(88053290) 
[2019/10/07 21:38:34 507] lgi        298  LGI_MSG_INIT  
[2019/10/07 21:38:34 507] lgi        305  lgi  lgi_  268436457  1552287548  
[2019/10/07 21:38:34 507] lgi        347  work_dir  .  
[2019/10/07 21:38:34 507] lgi        403  token:  nil  
[2019/10/07 21:38:34 507] lgi        476  msc cver : 5.0.42.1226  
[2019/10/07 21:38:34 507] lgi        519  ns_enable=  1  
[2019/10/07 21:38:34 507] lgi        531  prot_ver=1  
[2019/10/07 21:38:34 507] lgi        542  prot_type=tcp  
[2019/10/07 21:38:34 507] lgi        693  SYS_MSG_UNLOAD  go bg!  
[2019/10/07 21:38:34 721] lgi        697  SYS_MSG_SHUTDOWN  
============================================================
Time  2019/10/07 21:38:35 542 
============================================================
[2019/10/07 21:38:35 542] lgi        684  SYS_MSG_LOAD  
[2019/10/07 21:38:35 544] lgi        706  SYS_MSG_REGCB  msp_status_cb  func(7c013690) 
[2019/10/07 21:38:35 545] lgi        298  LGI_MSG_INIT  
[2019/10/07 21:38:35 545] lgi        305  lgi  lgi_  268436457  1552287548  
[2019/10/07 21:38:35 545] lgi        347  work_dir  .  
[2019/10/07 21:38:35 545] lgi        403  token:  nil  
[2019/10/07 21:38:35 545] lgi        476  msc cver : 5.0.42.1226  
[2019/10/07 21:38:35 545] lgi        519  ns_enable=  1  
[2019/10/07 21:38:35 545] lgi        531  prot_ver=1  
[2019/10/07 21:38:35 545] lgi        542  prot_type=tcp  
[2019/10/07 21:38:35 546] lgi        693  SYS_MSG_UNLOAD  go bg!  
[2019/10/07 21:38:35 798] lgi        697  SYS_MSG_SHUTDOWN  
============================================================
Time  2019/10/07 21:38:36 749 
============================================================
[2019/10/07 21:38:36 749] lgi        684  SYS_MSG_LOAD  
[2019/10/07 21:38:36 751] lgi        706  SYS_MSG_REGCB  msp_status_cb  func(14013690) 
[2019/10/07 21:38:36 752] lgi        298  LGI_MSG_INIT  
[2019/10/07 21:38:36 752] lgi        305  lgi  lgi_  268436457  1552287548  
[2019/10/07 21:38:36 752] lgi        347  work_dir  .  
[2019/10/07 21:38:36 753] lgi        403  token:  nil  
[2019/10/07 21:38:36 753] lgi        476  msc cver : 5.0.42.1226  
[2019/10/07 21:38:36 753] lgi        519  ns_enable=  1  
[2019/10/07 21:38:36 753] lgi        531  prot_ver=1  
[2019/10/07 21:38:36 753] lgi        542  prot_type=tcp  
[2019/10/07 21:38:36 756] lgi        693  SYS_MSG_UNLOAD  go bg!  
[2019/10/07 21:38:37 005] lgi        697  SYS_MSG_SHUTDOWN  
============================================================
Time  2019/10/07 21:38:39 206 
============================================================
[2019/10/07 21:38:39 206] lgi        684  SYS_MSG_LOAD  
[2019/10/07 21:38:39 208] lgi        706  SYS_MSG_REGCB  msp_status_cb  func(a8013690) 
[2019/10/07 21:38:39 208] lgi        298  LGI_MSG_INIT  
[2019/10/07 21:38:39 208] lgi        305  lgi  lgi_  268436457  1552287548  
[2019/10/07 21:38:39 208] lgi        347  work_dir  .  
[2019/10/07 21:38:39 209] lgi        403  token:  nil  
[2019/10/07 21:38:39 209] lgi        476  msc cver : 5.0.42.1226  
[2019/10/07 21:38:39 209] lgi        519  ns_enable=  1  
[2019/10/07 21:38:39 209] lgi        531  prot_ver=1  
[2019/10/07 21:38:39 209] lgi        542  prot_type=tcp  
[2019/10/07 21:38:39 210] lgi        693  SYS_MSG_UNLOAD  go bg!  
[2019/10/07 21:38:39 448] lgi        697  SYS_MSG_SHUTDOWN  
============================================================
Time  2019/10/07 21:38:41 078 
============================================================
[2019/10/07 21:38:41 079] lgi        684  SYS_MSG_LOAD  
[2019/10/07 21:38:41 081] lgi        706  SYS_MSG_REGCB  msp_status_cb  func(84013690) 
[2019/10/07 21:38:41 081] lgi        298  LGI_MSG_INIT  
[2019/10/07 21:38:41 081] lgi        305  lgi  lgi_  268436457  1552287548  
[2019/10/07 21:38:41 081] lgi        347  work_dir  .  
[2019/10/07 21:38:41 081] lgi        403  token:  nil  
[2019/10/07 21:38:41 081] lgi        476  msc cver : 5.0.42.1226  
[2019/10/07 21:38:41 082] lgi        519  ns_enable=  1  
[2019/10/07 21:38:41 082] lgi        531  prot_ver=1  
[2019/10/07 21:38:41 082] lgi        542  prot_type=tcp  
[2019/10/07 21:38:41 082] lgi        693  SYS_MSG_UNLOAD  go bg!  
[2019/10/07 21:38:41 316] lgi        697  SYS_MSG_SHUTDOWN  
============================================================
Time  2019/10/07 21:38:43 841 
============================================================
[2019/10/07 21:38:43 841] lgi        684  SYS_MSG_LOAD  
[2019/10/07 21:38:43 844] lgi        706  SYS_MSG_REGCB  msp_status_cb  func(8c013690) 
[2019/10/07 21:38:43 844] lgi        298  LGI_MSG_INIT  
[2019/10/07 21:38:43 845] lgi        305  lgi  lgi_  268436457  1552287548  
[2019/10/07 21:38:43 845] lgi        347  work_dir  .  
[2019/10/07 21:38:43 845] lgi        403  token:  nil  
[2019/10/07 21:38:43 845] lgi        476  msc cver : 5.0.42.1226  
[2019/10/07 21:38:43 845] lgi        519  ns_enable=  1  
[2019/10/07 21:38:43 845] lgi        531  prot_ver=1  
[2019/10/07 21:38:43 846] lgi        542  prot_type=tcp  
[2019/10/07 21:38:43 846] lgi        693  SYS_MSG_UNLOAD  go bg!  
[2019/10/07 21:38:44 083] lgi        697  SYS_MSG_SHUTDOWN  
============================================================
Time  2019/10/07 21:38:45 185 
============================================================
[2019/10/07 21:38:45 185] lgi        684  SYS_MSG_LOAD  
[2019/10/07 21:38:45 187] lgi        706  SYS_MSG_REGCB  msp_status_cb  func(80013690) 
[2019/10/07 21:38:45 187] lgi        298  LGI_MSG_INIT  
[2019/10/07 21:38:45 187] lgi        305  lgi  lgi_  268436457  1552287548  
[2019/10/07 21:38:45 188] lgi        347  work_dir  .  
[2019/10/07 21:38:45 188] lgi        403  token:  nil  
[2019/10/07 21:38:45 188] lgi        476  msc cver : 5.0.42.1226  
[2019/10/07 21:38:45 188] lgi        519  ns_enable=  1  
[2019/10/07 21:38:45 188] lgi        531  prot_ver=1  
[2019/10/07 21:38:45 188] lgi        542  prot_type=tcp  
[2019/10/07 21:38:45 188] lgi        693  SYS_MSG_UNLOAD  go bg!  
[2019/10/07 21:38:45 428] lgi        697  SYS_MSG_SHUTDOWN  
